The system is: Darwin - 14.3.0 - x86_64
Compiling the C compiler identification source file "CMakeCCompilerId.c" succeeded.
Compiler:  
Build flags: 
Id flags: 

The output was:
0
=== BUILD TARGET CompilerIdC OF PROJECT CompilerIdC WITH THE DEFAULT CONFIGURATION (Debug) ===

Check dependencies

Write auxiliary files
/bin/mkdir -p /Users/pietro/Documents/Projects/GBEmu/build/CMakeFiles/3.2.1/CompilerIdC/CompilerIdC.build/Debug/CompilerIdC.build
write-file /Users/pietro/Documents/Projects/GBEmu/build/CMakeFiles/3.2.1/CompilerIdC/CompilerIdC.build/Debug/CompilerIdC.build/CompilerIdC-all-non-framework-target-headers.hmap
write-file /Users/pietro/Documents/Projects/GBEmu/build/CMakeFiles/3.2.1/CompilerIdC/CompilerIdC.build/Debug/CompilerIdC.build/CompilerIdC-own-target-headers.hmap
write-file /Users/pietro/Documents/Projects/GBEmu/build/CMakeFiles/3.2.1/CompilerIdC/CompilerIdC.build/Debug/CompilerIdC.build/CompilerIdC-all-target-headers.hmap
write-file /Users/pietro/Documents/Projects/GBEmu/build/CMakeFiles/3.2.1/CompilerIdC/CompilerIdC.build/Debug/CompilerIdC.build/CompilerIdC-project-headers.hmap
write-file /Users/pietro/Documents/Projects/GBEmu/build/CMakeFiles/3.2.1/CompilerIdC/CompilerIdC.build/Debug/CompilerIdC.build/Script-2C8FEB8E15DC1A1A00E56A5D.sh
chmod 0755 /Users/pietro/Documents/Projects/GBEmu/build/CMakeFiles/3.2.1/CompilerIdC/CompilerIdC.build/Debug/CompilerIdC.build/Script-2C8FEB8E15DC1A1A00E56A5D.sh
/bin/mkdir -p /Users/pietro/Documents/Projects/GBEmu/build/CMakeFiles/3.2.1/CompilerIdC/CompilerIdC.build/Debug/CompilerIdC.build/Objects-normal/i386
write-file /Users/pietro/Documents/Projects/GBEmu/build/CMakeFiles/3.2.1/CompilerIdC/CompilerIdC.build/Debug/CompilerIdC.build/Objects-normal/i386/CompilerIdC.LinkFileList
write-file /Users/pietro/Documents/Projects/GBEmu/build/CMakeFiles/3.2.1/CompilerIdC/CompilerIdC.build/Debug/CompilerIdC.build/CompilerIdC-generated-files.hmap
write-file /Users/pietro/Documents/Projects/GBEmu/build/CMakeFiles/3.2.1/CompilerIdC/CompilerIdC.build/Debug/CompilerIdC.build/CompilerIdC.hmap

CompileC CompilerIdC.build/Debug/CompilerIdC.build/Objects-normal/i386/CMakeCCompilerId.o CMakeCCompilerId.c normal i386 c com.apple.compilers.llvm.clang.1_0.compiler
    cd /Users/pietro/Documents/Projects/GBEmu/build/CMakeFiles/3.2.1/CompilerIdC
    export LANG=en_US.US-ASCII
    /Applications/Xcode.app/Contents/Developer/Toolchains/XcodeDefault.xctoolchain/usr/bin/clang -x c -arch i386 -fmessage-length=0 -fdiagnostics-show-note-include-stack -fmacro-backtrace-limit=0 -Wno-trigraphs -fpascal-strings -Os -Wno-missing-field-initializers -Wno-missing-prototypes -Wno-return-type -Wno-missing-braces -Wparentheses -Wswitch -Wno-unused-function -Wno-unused-label -Wno-unused-parameter -Wno-unused-variable -Wunused-value -Wno-empty-body -Wno-uninitialized -Wno-unknown-pragmas -Wno-shadow -Wno-four-char-constants -Wno-conversion -Wno-constant-conversion -Wno-int-conversion -Wno-bool-conversion -Wno-enum-conversion -Wno-shorten-64-to-32 -Wpointer-sign -Wno-newline-eof -isysroot /Applications/Xcode.app/Contents/Developer/Platforms/MacOSX.platform/Developer/SDKs/MacOSX10.10.sdk -fasm-blocks -fstrict-aliasing -Wdeprecated-declarations -mmacosx-version-min=10.10 -g -fvisibility=hidden -Wno-sign-conversion -I/Users/pietro/Documents/Projects/GBEmu/build/CMakeFiles/3.2.1/CompilerIdC/CompilerIdC.build/Debug/CompilerIdC.build/CompilerIdC.hmap -I/Users/pietro/Documents/Projects/GBEmu/build/CMakeFiles/3.2.1/CompilerIdC/include -I/Applications/Xcode.app/Contents/Developer/Toolchains/XcodeDefault.xctoolchain/usr/include -I/Users/pietro/Documents/Projects/GBEmu/build/CMakeFiles/3.2.1/CompilerIdC/CompilerIdC.build/Debug/CompilerIdC.build/DerivedSources/i386 -I/Users/pietro/Documents/Projects/GBEmu/build/CMakeFiles/3.2.1/CompilerIdC/CompilerIdC.build/Debug/CompilerIdC.build/DerivedSources -F/Users/pietro/Documents/Projects/GBEmu/build/CMakeFiles/3.2.1/CompilerIdC -MMD -MT dependencies -MF /Users/pietro/Documents/Projects/GBEmu/build/CMakeFiles/3.2.1/CompilerIdC/CompilerIdC.build/Debug/CompilerIdC.build/Objects-normal/i386/CMakeCCompilerId.d --serialize-diagnostics /Users/pietro/Documents/Projects/GBEmu/build/CMakeFiles/3.2.1/CompilerIdC/CompilerIdC.build/Debug/CompilerIdC.build/Objects-normal/i386/CMakeCCompilerId.dia -c /Users/pietro/Documents/Projects/GBEmu/build/CMakeFiles/3.2.1/CompilerIdC/CMakeCCompilerId.c -o /Users/pietro/Documents/Projects/GBEmu/build/CMakeFiles/3.2.1/CompilerIdC/CompilerIdC.build/Debug/CompilerIdC.build/Objects-normal/i386/CMakeCCompilerId.o

Ld CompilerIdC normal i386
    cd /Users/pietro/Documents/Projects/GBEmu/build/CMakeFiles/3.2.1/CompilerIdC
    export MACOSX_DEPLOYMENT_TARGET=10.10
    /Applications/Xcode.app/Contents/Developer/Toolchains/XcodeDefault.xctoolchain/usr/bin/clang -arch i386 -isysroot /Applications/Xcode.app/Contents/Developer/Platforms/MacOSX.platform/Developer/SDKs/MacOSX10.10.sdk -L/Users/pietro/Documents/Projects/GBEmu/build/CMakeFiles/3.2.1/CompilerIdC -F/Users/pietro/Documents/Projects/GBEmu/build/CMakeFiles/3.2.1/CompilerIdC -filelist /Users/pietro/Documents/Projects/GBEmu/build/CMakeFiles/3.2.1/CompilerIdC/CompilerIdC.build/Debug/CompilerIdC.build/Objects-normal/i386/CompilerIdC.LinkFileList -mmacosx-version-min=10.10 -Xlinker -dependency_info -Xlinker /Users/pietro/Documents/Projects/GBEmu/build/CMakeFiles/3.2.1/CompilerIdC/CompilerIdC.build/Debug/CompilerIdC.build/Objects-normal/i386/CompilerIdC_dependency_info.dat -o /Users/pietro/Documents/Projects/GBEmu/build/CMakeFiles/3.2.1/CompilerIdC/CompilerIdC

PhaseScriptExecution Run\ Script CompilerIdC.build/Debug/CompilerIdC.build/Script-2C8FEB8E15DC1A1A00E56A5D.sh
    cd /Users/pietro/Documents/Projects/GBEmu/build/CMakeFiles/3.2.1/CompilerIdC
    /bin/sh -c /Users/pietro/Documents/Projects/GBEmu/build/CMakeFiles/3.2.1/CompilerIdC/CompilerIdC.build/Debug/CompilerIdC.build/Script-2C8FEB8E15DC1A1A00E56A5D.sh
GCC_VERSION=com.apple.compilers.llvm.clang.1_0

** BUILD SUCCEEDED **



Compilation of the C compiler identification source "CMakeCCompilerId.c" produced "CompilerIdC"

The C compiler identification is AppleClang, found in "/Users/pietro/Documents/Projects/GBEmu/build/CMakeFiles/3.2.1/CompilerIdC/CompilerIdC"

Compiling the CXX compiler identification source file "CMakeCXXCompilerId.cpp" succeeded.
Compiler:  
Build flags: 
Id flags: 

The output was:
0
=== BUILD TARGET CompilerIdCXX OF PROJECT CompilerIdCXX WITH THE DEFAULT CONFIGURATION (Debug) ===

Check dependencies

Write auxiliary files
/bin/mkdir -p /Users/pietro/Documents/Projects/GBEmu/build/CMakeFiles/3.2.1/CompilerIdCXX/CompilerIdCXX.build/Debug/CompilerIdCXX.build
write-file /Users/pietro/Documents/Projects/GBEmu/build/CMakeFiles/3.2.1/CompilerIdCXX/CompilerIdCXX.build/Debug/CompilerIdCXX.build/Script-2C8FEB8E15DC1A1A00E56A5D.sh
chmod 0755 /Users/pietro/Documents/Projects/GBEmu/build/CMakeFiles/3.2.1/CompilerIdCXX/CompilerIdCXX.build/Debug/CompilerIdCXX.build/Script-2C8FEB8E15DC1A1A00E56A5D.sh
write-file /Users/pietro/Documents/Projects/GBEmu/build/CMakeFiles/3.2.1/CompilerIdCXX/CompilerIdCXX.build/Debug/CompilerIdCXX.build/CompilerIdCXX-all-non-framework-target-headers.hmap
write-file /Users/pietro/Documents/Projects/GBEmu/build/CMakeFiles/3.2.1/CompilerIdCXX/CompilerIdCXX.build/Debug/CompilerIdCXX.build/CompilerIdCXX-project-headers.hmap
write-file /Users/pietro/Documents/Projects/GBEmu/build/CMakeFiles/3.2.1/CompilerIdCXX/CompilerIdCXX.build/Debug/CompilerIdCXX.build/CompilerIdCXX-all-target-headers.hmap
write-file /Users/pietro/Documents/Projects/GBEmu/build/CMakeFiles/3.2.1/CompilerIdCXX/CompilerIdCXX.build/Debug/CompilerIdCXX.build/CompilerIdCXX-generated-files.hmap
write-file /Users/pietro/Documents/Projects/GBEmu/build/CMakeFiles/3.2.1/CompilerIdCXX/CompilerIdCXX.build/Debug/CompilerIdCXX.build/CompilerIdCXX-own-target-headers.hmap
write-file /Users/pietro/Documents/Projects/GBEmu/build/CMakeFiles/3.2.1/CompilerIdCXX/CompilerIdCXX.build/Debug/CompilerIdCXX.build/CompilerIdCXX.hmap
/bin/mkdir -p /Users/pietro/Documents/Projects/GBEmu/build/CMakeFiles/3.2.1/CompilerIdCXX/CompilerIdCXX.build/Debug/CompilerIdCXX.build/Objects-normal/i386
write-file /Users/pietro/Documents/Projects/GBEmu/build/CMakeFiles/3.2.1/CompilerIdCXX/CompilerIdCXX.build/Debug/CompilerIdCXX.build/Objects-normal/i386/CompilerIdCXX.LinkFileList

CompileC CompilerIdCXX.build/Debug/CompilerIdCXX.build/Objects-normal/i386/CMakeCXXCompilerId.o CMakeCXXCompilerId.cpp normal i386 c++ com.apple.compilers.llvm.clang.1_0.compiler
    cd /Users/pietro/Documents/Projects/GBEmu/build/CMakeFiles/3.2.1/CompilerIdCXX
    export LANG=en_US.US-ASCII
    /Applications/Xcode.app/Contents/Developer/Toolchains/XcodeDefault.xctoolchain/usr/bin/clang -x c++ -arch i386 -fmessage-length=0 -fdiagnostics-show-note-include-stack -fmacro-backtrace-limit=0 -Wno-trigraphs -fpascal-strings -Os -Wno-missing-field-initializers -Wno-missing-prototypes -Wno-return-type -Wno-non-virtual-dtor -Wno-overloaded-virtual -Wno-exit-time-destructors -Wno-missing-braces -Wparentheses -Wswitch -Wno-unused-function -Wno-unused-label -Wno-unused-parameter -Wno-unused-variable -Wunused-value -Wno-empty-body -Wno-uninitialized -Wno-unknown-pragmas -Wno-shadow -Wno-four-char-constants -Wno-conversion -Wno-constant-conversion -Wno-int-conversion -Wno-bool-conversion -Wno-enum-conversion -Wno-shorten-64-to-32 -Wno-newline-eof -Wno-c++11-extensions -isysroot /Applications/Xcode.app/Contents/Developer/Platforms/MacOSX.platform/Developer/SDKs/MacOSX10.10.sdk -fasm-blocks -fstrict-aliasing -Wdeprecated-declarations -Winvalid-offsetof -mmacosx-version-min=10.10 -g -fvisibility=hidden -fvisibility-inlines-hidden -Wno-sign-conversion -I/Users/pietro/Documents/Projects/GBEmu/build/CMakeFiles/3.2.1/CompilerIdCXX/CompilerIdCXX.build/Debug/CompilerIdCXX.build/CompilerIdCXX.hmap -I/Users/pietro/Documents/Projects/GBEmu/build/CMakeFiles/3.2.1/CompilerIdCXX/include -I/Applications/Xcode.app/Contents/Developer/Toolchains/XcodeDefault.xctoolchain/usr/include -I/Users/pietro/Documents/Projects/GBEmu/build/CMakeFiles/3.2.1/CompilerIdCXX/CompilerIdCXX.build/Debug/CompilerIdCXX.build/DerivedSources/i386 -I/Users/pietro/Documents/Projects/GBEmu/build/CMakeFiles/3.2.1/CompilerIdCXX/CompilerIdCXX.build/Debug/CompilerIdCXX.build/DerivedSources -F/Users/pietro/Documents/Projects/GBEmu/build/CMakeFiles/3.2.1/CompilerIdCXX -MMD -MT dependencies -MF /Users/pietro/Documents/Projects/GBEmu/build/CMakeFiles/3.2.1/CompilerIdCXX/CompilerIdCXX.build/Debug/CompilerIdCXX.build/Objects-normal/i386/CMakeCXXCompilerId.d --serialize-diagnostics /Users/pietro/Documents/Projects/GBEmu/build/CMakeFiles/3.2.1/CompilerIdCXX/CompilerIdCXX.build/Debug/CompilerIdCXX.build/Objects-normal/i386/CMakeCXXCompilerId.dia -c /Users/pietro/Documents/Projects/GBEmu/build/CMakeFiles/3.2.1/CompilerIdCXX/CMakeCXXCompilerId.cpp -o /Users/pietro/Documents/Projects/GBEmu/build/CMakeFiles/3.2.1/CompilerIdCXX/CompilerIdCXX.build/Debug/CompilerIdCXX.build/Objects-normal/i386/CMakeCXXCompilerId.o

Ld CompilerIdCXX normal i386
    cd /Users/pietro/Documents/Projects/GBEmu/build/CMakeFiles/3.2.1/CompilerIdCXX
    export MACOSX_DEPLOYMENT_TARGET=10.10
    /Applications/Xcode.app/Contents/Developer/Toolchains/XcodeDefault.xctoolchain/usr/bin/clang++ -arch i386 -isysroot /Applications/Xcode.app/Contents/Developer/Platforms/MacOSX.platform/Developer/SDKs/MacOSX10.10.sdk -L/Users/pietro/Documents/Projects/GBEmu/build/CMakeFiles/3.2.1/CompilerIdCXX -F/Users/pietro/Documents/Projects/GBEmu/build/CMakeFiles/3.2.1/CompilerIdCXX -filelist /Users/pietro/Documents/Projects/GBEmu/build/CMakeFiles/3.2.1/CompilerIdCXX/CompilerIdCXX.build/Debug/CompilerIdCXX.build/Objects-normal/i386/CompilerIdCXX.LinkFileList -mmacosx-version-min=10.10 -Xlinker -dependency_info -Xlinker /Users/pietro/Documents/Projects/GBEmu/build/CMakeFiles/3.2.1/CompilerIdCXX/CompilerIdCXX.build/Debug/CompilerIdCXX.build/Objects-normal/i386/CompilerIdCXX_dependency_info.dat -o /Users/pietro/Documents/Projects/GBEmu/build/CMakeFiles/3.2.1/CompilerIdCXX/CompilerIdCXX

PhaseScriptExecution Run\ Script CompilerIdCXX.build/Debug/CompilerIdCXX.build/Script-2C8FEB8E15DC1A1A00E56A5D.sh
    cd /Users/pietro/Documents/Projects/GBEmu/build/CMakeFiles/3.2.1/CompilerIdCXX
    /bin/sh -c /Users/pietro/Documents/Projects/GBEmu/build/CMakeFiles/3.2.1/CompilerIdCXX/CompilerIdCXX.build/Debug/CompilerIdCXX.build/Script-2C8FEB8E15DC1A1A00E56A5D.sh
GCC_VERSION=com.apple.compilers.llvm.clang.1_0

** BUILD SUCCEEDED **



Compilation of the CXX compiler identification source "CMakeCXXCompilerId.cpp" produced "CompilerIdCXX"

The CXX compiler identification is AppleClang, found in "/Users/pietro/Documents/Projects/GBEmu/build/CMakeFiles/3.2.1/CompilerIdCXX/CompilerIdCXX"

Determining if the C compiler works passed with the following output:
Change Dir: /Users/pietro/Documents/Projects/GBEmu/build/CMakeFiles/CMakeTmp

Run Build Command:"/usr/bin/xcodebuild" "-project" "CMAKE_TRY_COMPILE.xcodeproj" "build" "-target" "cmTryCompileExec3385827986" "-configuration" "Debug"
=== BUILD TARGET cmTryCompileExec3385827986 OF PROJECT CMAKE_TRY_COMPILE WITH CONFIGURATION Debug ===

Check dependencies

Write auxiliary files
/bin/mkdir -p /Users/pietro/Documents/Projects/GBEmu/build/CMakeFiles/CMakeTmp/CMAKE_TRY_COMPILE.build/Debug/cmTryCompileExec3385827986.build/Objects-normal/x86_64
write-file /Users/pietro/Documents/Projects/GBEmu/build/CMakeFiles/CMakeTmp/CMAKE_TRY_COMPILE.build/Debug/cmTryCompileExec3385827986.build/Objects-normal/x86_64/cmTryCompileExec3385827986.LinkFileList

CompileC CMAKE_TRY_COMPILE.build/Debug/cmTryCompileExec3385827986.build/Objects-normal/x86_64/testCCompiler.o testCCompiler.c normal x86_64 c com.apple.compilers.llvm.clang.1_0.compiler
    cd /Users/pietro/Documents/Projects/GBEmu/build/CMakeFiles/CMakeTmp
    export LANG=en_US.US-ASCII
    /Applications/Xcode.app/Contents/Developer/Toolchains/XcodeDefault.xctoolchain/usr/bin/clang -x c -arch x86_64 -fmessage-length=0 -fdiagnostics-show-note-include-stack -fmacro-backtrace-limit=0 -Wno-trigraphs -fpascal-strings -O0 -Wno-missing-field-initializers -Wno-missing-prototypes -Wno-return-type -Wno-missing-braces -Wparentheses -Wswitch -Wno-unused-function -Wno-unused-label -Wno-unused-parameter -Wno-unused-variable -Wunused-value -Wno-empty-body -Wno-uninitialized -Wno-unknown-pragmas -Wno-shadow -Wno-four-char-constants -Wno-conversion -Wno-constant-conversion -Wno-int-conversion -Wno-bool-conversion -Wno-enum-conversion -Wno-shorten-64-to-32 -Wpointer-sign -Wno-newline-eof -DCMAKE_INTDIR=\"Debug\" -isysroot /Applications/Xcode.app/Contents/Developer/Platforms/MacOSX.platform/Developer/SDKs/MacOSX10.10.sdk -fasm-blocks -fstrict-aliasing -Wdeprecated-declarations -mmacosx-version-min=10.10 -g -Wno-sign-conversion -I/Users/pietro/Documents/Projects/GBEmu/build/CMakeFiles/CMakeTmp/Debug/include -I/Applications/Xcode.app/Contents/Developer/Toolchains/XcodeDefault.xctoolchain/usr/include -I/Users/pietro/Documents/Projects/GBEmu/build/CMakeFiles/CMakeTmp/CMAKE_TRY_COMPILE.build/Debug/cmTryCompileExec3385827986.build/DerivedSources/x86_64 -I/Users/pietro/Documents/Projects/GBEmu/build/CMakeFiles/CMakeTmp/CMAKE_TRY_COMPILE.build/Debug/cmTryCompileExec3385827986.build/DerivedSources -Wmost -Wno-four-char-constants -Wno-unknown-pragmas -F/Users/pietro/Documents/Projects/GBEmu/build/CMakeFiles/CMakeTmp/Debug -MMD -MT dependencies -MF /Users/pietro/Documents/Projects/GBEmu/build/CMakeFiles/CMakeTmp/CMAKE_TRY_COMPILE.build/Debug/cmTryCompileExec3385827986.build/Objects-normal/x86_64/testCCompiler.d --serialize-diagnostics /Users/pietro/Documents/Projects/GBEmu/build/CMakeFiles/CMakeTmp/CMAKE_TRY_COMPILE.build/Debug/cmTryCompileExec3385827986.build/Objects-normal/x86_64/testCCompiler.dia -c /Users/pietro/Documents/Projects/GBEmu/build/CMakeFiles/CMakeTmp/testCCompiler.c -o /Users/pietro/Documents/Projects/GBEmu/build/CMakeFiles/CMakeTmp/CMAKE_TRY_COMPILE.build/Debug/cmTryCompileExec3385827986.build/Objects-normal/x86_64/testCCompiler.o

Ld Debug/cmTryCompileExec3385827986 normal x86_64
    cd /Users/pietro/Documents/Projects/GBEmu/build/CMakeFiles/CMakeTmp
    export MACOSX_DEPLOYMENT_TARGET=10.10
    /Applications/Xcode.app/Contents/Developer/Toolchains/XcodeDefault.xctoolchain/usr/bin/clang -arch x86_64 -isysroot /Applications/Xcode.app/Contents/Developer/Platforms/MacOSX.platform/Developer/SDKs/MacOSX10.10.sdk -L/Users/pietro/Documents/Projects/GBEmu/build/CMakeFiles/CMakeTmp/Debug -F/Users/pietro/Documents/Projects/GBEmu/build/CMakeFiles/CMakeTmp/Debug -filelist /Users/pietro/Documents/Projects/GBEmu/build/CMakeFiles/CMakeTmp/CMAKE_TRY_COMPILE.build/Debug/cmTryCompileExec3385827986.build/Objects-normal/x86_64/cmTryCompileExec3385827986.LinkFileList -mmacosx-version-min=10.10 -Wl,-search_paths_first -Wl,-headerpad_max_install_names -Xlinker -dependency_info -Xlinker /Users/pietro/Documents/Projects/GBEmu/build/CMakeFiles/CMakeTmp/CMAKE_TRY_COMPILE.build/Debug/cmTryCompileExec3385827986.build/Objects-normal/x86_64/cmTryCompileExec3385827986_dependency_info.dat -o /Users/pietro/Documents/Projects/GBEmu/build/CMakeFiles/CMakeTmp/Debug/cmTryCompileExec3385827986

** BUILD SUCCEEDED **



Detecting C compiler ABI info compiled with the following output:
Change Dir: /Users/pietro/Documents/Projects/GBEmu/build/CMakeFiles/CMakeTmp

Run Build Command:"/usr/bin/xcodebuild" "-project" "CMAKE_TRY_COMPILE.xcodeproj" "build" "-target" "cmTryCompileExec4242315600" "-configuration" "Debug"
=== BUILD TARGET cmTryCompileExec4242315600 OF PROJECT CMAKE_TRY_COMPILE WITH CONFIGURATION Debug ===

Check dependencies

Write auxiliary files
/bin/mkdir -p /Users/pietro/Documents/Projects/GBEmu/build/CMakeFiles/CMakeTmp/CMAKE_TRY_COMPILE.build/Debug/cmTryCompileExec4242315600.build/Objects-normal/x86_64
write-file /Users/pietro/Documents/Projects/GBEmu/build/CMakeFiles/CMakeTmp/CMAKE_TRY_COMPILE.build/Debug/cmTryCompileExec4242315600.build/Objects-normal/x86_64/cmTryCompileExec4242315600.LinkFileList

CompileC CMAKE_TRY_COMPILE.build/Debug/cmTryCompileExec4242315600.build/Objects-normal/x86_64/CMakeCCompilerABI.o /usr/local/Cellar/cmake/3.2.1/share/cmake/Modules/CMakeCCompilerABI.c normal x86_64 c com.apple.compilers.llvm.clang.1_0.compiler
    cd /Users/pietro/Documents/Projects/GBEmu/build/CMakeFiles/CMakeTmp
    export LANG=en_US.US-ASCII
    /Applications/Xcode.app/Contents/Developer/Toolchains/XcodeDefault.xctoolchain/usr/bin/clang -x c -arch x86_64 -fmessage-length=0 -fdiagnostics-show-note-include-stack -fmacro-backtrace-limit=0 -Wno-trigraphs -fpascal-strings -O0 -Wno-missing-field-initializers -Wno-missing-prototypes -Wno-return-type -Wno-missing-braces -Wparentheses -Wswitch -Wno-unused-function -Wno-unused-label -Wno-unused-parameter -Wno-unused-variable -Wunused-value -Wno-empty-body -Wno-uninitialized -Wno-unknown-pragmas -Wno-shadow -Wno-four-char-constants -Wno-conversion -Wno-constant-conversion -Wno-int-conversion -Wno-bool-conversion -Wno-enum-conversion -Wno-shorten-64-to-32 -Wpointer-sign -Wno-newline-eof -DCMAKE_INTDIR=\"Debug\" -isysroot /Applications/Xcode.app/Contents/Developer/Platforms/MacOSX.platform/Developer/SDKs/MacOSX10.10.sdk -fasm-blocks -fstrict-aliasing -Wdeprecated-declarations -mmacosx-version-min=10.10 -g -Wno-sign-conversion -I/Users/pietro/Documents/Projects/GBEmu/build/CMakeFiles/CMakeTmp/Debug/include -I/Applications/Xcode.app/Contents/Developer/Toolchains/XcodeDefault.xctoolchain/usr/include -I/Users/pietro/Documents/Projects/GBEmu/build/CMakeFiles/CMakeTmp/CMAKE_TRY_COMPILE.build/Debug/cmTryCompileExec4242315600.build/DerivedSources/x86_64 -I/Users/pietro/Documents/Projects/GBEmu/build/CMakeFiles/CMakeTmp/CMAKE_TRY_COMPILE.build/Debug/cmTryCompileExec4242315600.build/DerivedSources -Wmost -Wno-four-char-constants -Wno-unknown-pragmas -F/Users/pietro/Documents/Projects/GBEmu/build/CMakeFiles/CMakeTmp/Debug -MMD -MT dependencies -MF /Users/pietro/Documents/Projects/GBEmu/build/CMakeFiles/CMakeTmp/CMAKE_TRY_COMPILE.build/Debug/cmTryCompileExec4242315600.build/Objects-normal/x86_64/CMakeCCompilerABI.d --serialize-diagnostics /Users/pietro/Documents/Projects/GBEmu/build/CMakeFiles/CMakeTmp/CMAKE_TRY_COMPILE.build/Debug/cmTryCompileExec4242315600.build/Objects-normal/x86_64/CMakeCCompilerABI.dia -c /usr/local/Cellar/cmake/3.2.1/share/cmake/Modules/CMakeCCompilerABI.c -o /Users/pietro/Documents/Projects/GBEmu/build/CMakeFiles/CMakeTmp/CMAKE_TRY_COMPILE.build/Debug/cmTryCompileExec4242315600.build/Objects-normal/x86_64/CMakeCCompilerABI.o

Ld Debug/cmTryCompileExec4242315600 normal x86_64
    cd /Users/pietro/Documents/Projects/GBEmu/build/CMakeFiles/CMakeTmp
    export MACOSX_DEPLOYMENT_TARGET=10.10
    /Applications/Xcode.app/Contents/Developer/Toolchains/XcodeDefault.xctoolchain/usr/bin/clang -arch x86_64 -isysroot /Applications/Xcode.app/Contents/Developer/Platforms/MacOSX.platform/Developer/SDKs/MacOSX10.10.sdk -L/Users/pietro/Documents/Projects/GBEmu/build/CMakeFiles/CMakeTmp/Debug -F/Users/pietro/Documents/Projects/GBEmu/build/CMakeFiles/CMakeTmp/Debug -filelist /Users/pietro/Documents/Projects/GBEmu/build/CMakeFiles/CMakeTmp/CMAKE_TRY_COMPILE.build/Debug/cmTryCompileExec4242315600.build/Objects-normal/x86_64/cmTryCompileExec4242315600.LinkFileList -mmacosx-version-min=10.10 -v -Wl,-v -Wl,-search_paths_first -Wl,-headerpad_max_install_names -Xlinker -dependency_info -Xlinker /Users/pietro/Documents/Projects/GBEmu/build/CMakeFiles/CMakeTmp/CMAKE_TRY_COMPILE.build/Debug/cmTryCompileExec4242315600.build/Objects-normal/x86_64/cmTryCompileExec4242315600_dependency_info.dat -o /Users/pietro/Documents/Projects/GBEmu/build/CMakeFiles/CMakeTmp/Debug/cmTryCompileExec4242315600
Apple LLVM version 6.1.0 (clang-602.0.49) (based on LLVM 3.6.0svn)
Target: x86_64-apple-darwin14.3.0
Thread model: posix
 "/Applications/Xcode.app/Contents/Developer/Toolchains/XcodeDefault.xctoolchain/usr/bin/ld" -demangle -dynamic -arch x86_64 -macosx_version_min 10.10.0 -syslibroot /Applications/Xcode.app/Contents/Developer/Platforms/MacOSX.platform/Developer/SDKs/MacOSX10.10.sdk -o /Users/pietro/Documents/Projects/GBEmu/build/CMakeFiles/CMakeTmp/Debug/cmTryCompileExec4242315600 -L/Users/pietro/Documents/Projects/GBEmu/build/CMakeFiles/CMakeTmp/Debug -filelist /Users/pietro/Documents/Projects/GBEmu/build/CMakeFiles/CMakeTmp/CMAKE_TRY_COMPILE.build/Debug/cmTryCompileExec4242315600.build/Objects-normal/x86_64/cmTryCompileExec4242315600.LinkFileList -v -search_paths_first -headerpad_max_install_names -dependency_info /Users/pietro/Documents/Projects/GBEmu/build/CMakeFiles/CMakeTmp/CMAKE_TRY_COMPILE.build/Debug/cmTryCompileExec4242315600.build/Objects-normal/x86_64/cmTryCompileExec4242315600_dependency_info.dat -lSystem /Applications/Xcode.app/Contents/Developer/Toolchains/XcodeDefault.xctoolchain/usr/bin/../lib/clang/6.1.0/lib/darwin/libclang_rt.osx.a -F/Users/pietro/Documents/Projects/GBEmu/build/CMakeFiles/CMakeTmp/Debug
@(#)PROGRAM:ld  PROJECT:ld64-242
configured to support archs: armv6 armv7 armv7s arm64 i386 x86_64 x86_64h armv6m armv7m armv7em
Library search paths:
	/Users/pietro/Documents/Projects/GBEmu/build/CMakeFiles/CMakeTmp/Debug
	/Applications/Xcode.app/Contents/Developer/Platforms/MacOSX.platform/Developer/SDKs/MacOSX10.10.sdk/usr/lib
Framework search paths:
	/Users/pietro/Documents/Projects/GBEmu/build/CMakeFiles/CMakeTmp/Debug
	/Applications/Xcode.app/Contents/Developer/Platforms/MacOSX.platform/Developer/SDKs/MacOSX10.10.sdk/System/Library/Frameworks/

** BUILD SUCCEEDED **



Parsed C implicit link information from above output:
  link line regex: [^( *|.*[/\])(ld|([^/\]+-)?ld|collect2)[^/\]*( |$)]
  ignore line: [Change Dir: /Users/pietro/Documents/Projects/GBEmu/build/CMakeFiles/CMakeTmp]
  ignore line: []
  ignore line: [Run Build Command:"/usr/bin/xcodebuild" "-project" "CMAKE_TRY_COMPILE.xcodeproj" "build" "-target" "cmTryCompileExec4242315600" "-configuration" "Debug"]
  ignore line: [=== BUILD TARGET cmTryCompileExec4242315600 OF PROJECT CMAKE_TRY_COMPILE WITH CONFIGURATION Debug ===]
  ignore line: []
  ignore line: [Check dependencies]
  ignore line: []
  ignore line: [Write auxiliary files]
  ignore line: [/bin/mkdir -p /Users/pietro/Documents/Projects/GBEmu/build/CMakeFiles/CMakeTmp/CMAKE_TRY_COMPILE.build/Debug/cmTryCompileExec4242315600.build/Objects-normal/x86_64]
  ignore line: [write-file /Users/pietro/Documents/Projects/GBEmu/build/CMakeFiles/CMakeTmp/CMAKE_TRY_COMPILE.build/Debug/cmTryCompileExec4242315600.build/Objects-normal/x86_64/cmTryCompileExec4242315600.LinkFileList]
  ignore line: []
  ignore line: [CompileC CMAKE_TRY_COMPILE.build/Debug/cmTryCompileExec4242315600.build/Objects-normal/x86_64/CMakeCCompilerABI.o /usr/local/Cellar/cmake/3.2.1/share/cmake/Modules/CMakeCCompilerABI.c normal x86_64 c com.apple.compilers.llvm.clang.1_0.compiler]
  ignore line: [    cd /Users/pietro/Documents/Projects/GBEmu/build/CMakeFiles/CMakeTmp]
  ignore line: [    export LANG=en_US.US-ASCII]
  ignore line: [    /Applications/Xcode.app/Contents/Developer/Toolchains/XcodeDefault.xctoolchain/usr/bin/clang -x c -arch x86_64 -fmessage-length=0 -fdiagnostics-show-note-include-stack -fmacro-backtrace-limit=0 -Wno-trigraphs -fpascal-strings -O0 -Wno-missing-field-initializers -Wno-missing-prototypes -Wno-return-type -Wno-missing-braces -Wparentheses -Wswitch -Wno-unused-function -Wno-unused-label -Wno-unused-parameter -Wno-unused-variable -Wunused-value -Wno-empty-body -Wno-uninitialized -Wno-unknown-pragmas -Wno-shadow -Wno-four-char-constants -Wno-conversion -Wno-constant-conversion -Wno-int-conversion -Wno-bool-conversion -Wno-enum-conversion -Wno-shorten-64-to-32 -Wpointer-sign -Wno-newline-eof -DCMAKE_INTDIR=\"Debug\" -isysroot /Applications/Xcode.app/Contents/Developer/Platforms/MacOSX.platform/Developer/SDKs/MacOSX10.10.sdk -fasm-blocks -fstrict-aliasing -Wdeprecated-declarations -mmacosx-version-min=10.10 -g -Wno-sign-conversion -I/Users/pietro/Documents/Projects/GBEmu/build/CMakeFiles/CMakeTmp/Debug/include -I/Applications/Xcode.app/Contents/Developer/Toolchains/XcodeDefault.xctoolchain/usr/include -I/Users/pietro/Documents/Projects/GBEmu/build/CMakeFiles/CMakeTmp/CMAKE_TRY_COMPILE.build/Debug/cmTryCompileExec4242315600.build/DerivedSources/x86_64 -I/Users/pietro/Documents/Projects/GBEmu/build/CMakeFiles/CMakeTmp/CMAKE_TRY_COMPILE.build/Debug/cmTryCompileExec4242315600.build/DerivedSources -Wmost -Wno-four-char-constants -Wno-unknown-pragmas -F/Users/pietro/Documents/Projects/GBEmu/build/CMakeFiles/CMakeTmp/Debug -MMD -MT dependencies -MF /Users/pietro/Documents/Projects/GBEmu/build/CMakeFiles/CMakeTmp/CMAKE_TRY_COMPILE.build/Debug/cmTryCompileExec4242315600.build/Objects-normal/x86_64/CMakeCCompilerABI.d --serialize-diagnostics /Users/pietro/Documents/Projects/GBEmu/build/CMakeFiles/CMakeTmp/CMAKE_TRY_COMPILE.build/Debug/cmTryCompileExec4242315600.build/Objects-normal/x86_64/CMakeCCompilerABI.dia -c /usr/local/Cellar/cmake/3.2.1/share/cmake/Modules/CMakeCCompilerABI.c -o /Users/pietro/Documents/Projects/GBEmu/build/CMakeFiles/CMakeTmp/CMAKE_TRY_COMPILE.build/Debug/cmTryCompileExec4242315600.build/Objects-normal/x86_64/CMakeCCompilerABI.o]
  ignore line: []
  ignore line: [Ld Debug/cmTryCompileExec4242315600 normal x86_64]
  ignore line: [    cd /Users/pietro/Documents/Projects/GBEmu/build/CMakeFiles/CMakeTmp]
  ignore line: [    export MACOSX_DEPLOYMENT_TARGET=10.10]
  ignore line: [    /Applications/Xcode.app/Contents/Developer/Toolchains/XcodeDefault.xctoolchain/usr/bin/clang -arch x86_64 -isysroot /Applications/Xcode.app/Contents/Developer/Platforms/MacOSX.platform/Developer/SDKs/MacOSX10.10.sdk -L/Users/pietro/Documents/Projects/GBEmu/build/CMakeFiles/CMakeTmp/Debug -F/Users/pietro/Documents/Projects/GBEmu/build/CMakeFiles/CMakeTmp/Debug -filelist /Users/pietro/Documents/Projects/GBEmu/build/CMakeFiles/CMakeTmp/CMAKE_TRY_COMPILE.build/Debug/cmTryCompileExec4242315600.build/Objects-normal/x86_64/cmTryCompileExec4242315600.LinkFileList -mmacosx-version-min=10.10 -v -Wl,-v -Wl,-search_paths_first -Wl,-headerpad_max_install_names -Xlinker -dependency_info -Xlinker /Users/pietro/Documents/Projects/GBEmu/build/CMakeFiles/CMakeTmp/CMAKE_TRY_COMPILE.build/Debug/cmTryCompileExec4242315600.build/Objects-normal/x86_64/cmTryCompileExec4242315600_dependency_info.dat -o /Users/pietro/Documents/Projects/GBEmu/build/CMakeFiles/CMakeTmp/Debug/cmTryCompileExec4242315600]
  ignore line: [Apple LLVM version 6.1.0 (clang-602.0.49) (based on LLVM 3.6.0svn)]
  ignore line: [Target: x86_64-apple-darwin14.3.0]
  ignore line: [Thread model: posix]
  reduced line: [ "/Applications/Xcode.app/Contents/Developer/Toolchains/XcodeDefault.xctoolchain/usr/bin/ld" -demangle -dynamic -arch x86_64 -macosx_version_min 10.10.0 -syslibroot /Applications/Xcode.app/Contents/Developer/Platforms/MacOSX.platform/Developer/SDKs/MacOSX10.10.sdk -o /Users/pietro/Documents/Projects/GBEmu/build/CMakeFiles/CMakeTmp/Debug/cmTryCompileExec4242315600 -L/Users/pietro/Documents/Projects/GBEmu/build/CMakeFiles/CMakeTmp/Debug -filelist /Users/pietro/Documents/Projects/GBEmu/build/CMakeFiles/CMakeTmp/CMAKE_TRY_COMPILE.build/Debug/cmTryCompileExec4242315600.build/Objects-normal/x86_64/cmTryCompileExec4242315600.LinkFileList -v -search_paths_first -headerpad_max_install_names -dependency_info /Users/pietro/Documents/Projects/GBEmu/build/CMakeFiles/CMakeTmp/CMAKE_TRY_COMPILE.build/Debug/cmTryCompileExec4242315600.build/Objects-normal/x86_64/cmTryCompileExec4242315600_dependency_info.dat -lSystem /Applications/Xcode.app/Contents/Developer/Toolchains/XcodeDefault.xctoolchain/usr/bin/../lib/clang/6.1.0/lib/darwin/libclang_rt.osx.a -F/Users/pietro/Documents/Projects/GBEmu/build/CMakeFiles/CMakeTmp/Debug]
            to: [ "/Applications/Xcode.app/Contents/Developer/Toolchains/XcodeDefault.xctoolchain/usr/bin/ld" -demangle -dynamic -arch x86_64 -macosx_version_min 10.10.0 -syslibroot /Applications/Xcode.app/Contents/Developer/Platforms/MacOSX.platform/Developer/SDKs/MacOSX10.10.sdk -o /Users/pietro/Documents/Projects/GBEmu/build/CMakeFiles/CMakeTmp/Debug/cmTryCompileExec4242315600 -filelist /Users/pietro/Documents/Projects/GBEmu/build/CMakeFiles/CMakeTmp/CMAKE_TRY_COMPILE.build/Debug/cmTryCompileExec4242315600.build/Objects-normal/x86_64/cmTryCompileExec4242315600.LinkFileList -v -search_paths_first -headerpad_max_install_names -dependency_info /Users/pietro/Documents/Projects/GBEmu/build/CMakeFiles/CMakeTmp/CMAKE_TRY_COMPILE.build/Debug/cmTryCompileExec4242315600.build/Objects-normal/x86_64/cmTryCompileExec4242315600_dependency_info.dat -lSystem /Applications/Xcode.app/Contents/Developer/Toolchains/XcodeDefault.xctoolchain/usr/bin/../lib/clang/6.1.0/lib/darwin/libclang_rt.osx.a ]
  link line: [ "/Applications/Xcode.app/Contents/Developer/Toolchains/XcodeDefault.xctoolchain/usr/bin/ld" -demangle -dynamic -arch x86_64 -macosx_version_min 10.10.0 -syslibroot /Applications/Xcode.app/Contents/Developer/Platforms/MacOSX.platform/Developer/SDKs/MacOSX10.10.sdk -o /Users/pietro/Documents/Projects/GBEmu/build/CMakeFiles/CMakeTmp/Debug/cmTryCompileExec4242315600 -filelist /Users/pietro/Documents/Projects/GBEmu/build/CMakeFiles/CMakeTmp/CMAKE_TRY_COMPILE.build/Debug/cmTryCompileExec4242315600.build/Objects-normal/x86_64/cmTryCompileExec4242315600.LinkFileList -v -search_paths_first -headerpad_max_install_names -dependency_info /Users/pietro/Documents/Projects/GBEmu/build/CMakeFiles/CMakeTmp/CMAKE_TRY_COMPILE.build/Debug/cmTryCompileExec4242315600.build/Objects-normal/x86_64/cmTryCompileExec4242315600_dependency_info.dat -lSystem /Applications/Xcode.app/Contents/Developer/Toolchains/XcodeDefault.xctoolchain/usr/bin/../lib/clang/6.1.0/lib/darwin/libclang_rt.osx.a ]
    arg [/Applications/Xcode.app/Contents/Developer/Toolchains/XcodeDefault.xctoolchain/usr/bin/ld] ==> ignore
    arg [-demangle] ==> ignore
    arg [-dynamic] ==> ignore
    arg [-arch] ==> ignore
    arg [x86_64] ==> ignore
    arg [-macosx_version_min] ==> ignore
    arg [10.10.0] ==> ignore
    arg [-syslibroot] ==> ignore
    arg [/Applications/Xcode.app/Contents/Developer/Platforms/MacOSX.platform/Developer/SDKs/MacOSX10.10.sdk] ==> ignore
    arg [-o] ==> ignore
    arg [/Users/pietro/Documents/Projects/GBEmu/build/CMakeFiles/CMakeTmp/Debug/cmTryCompileExec4242315600] ==> ignore
    arg [-filelist] ==> ignore
    arg [/Users/pietro/Documents/Projects/GBEmu/build/CMakeFiles/CMakeTmp/CMAKE_TRY_COMPILE.build/Debug/cmTryCompileExec4242315600.build/Objects-normal/x86_64/cmTryCompileExec4242315600.LinkFileList] ==> ignore
    arg [-v] ==> ignore
    arg [-search_paths_first] ==> ignore
    arg [-headerpad_max_install_names] ==> ignore
    arg [-dependency_info] ==> ignore
    arg [/Users/pietro/Documents/Projects/GBEmu/build/CMakeFiles/CMakeTmp/CMAKE_TRY_COMPILE.build/Debug/cmTryCompileExec4242315600.build/Objects-normal/x86_64/cmTryCompileExec4242315600_dependency_info.dat] ==> ignore
    arg [-lSystem] ==> lib [System]
    arg [/Applications/Xcode.app/Contents/Developer/Toolchains/XcodeDefault.xctoolchain/usr/bin/../lib/clang/6.1.0/lib/darwin/libclang_rt.osx.a] ==> lib [/Applications/Xcode.app/Contents/Developer/Toolchains/XcodeDefault.xctoolchain/usr/bin/../lib/clang/6.1.0/lib/darwin/libclang_rt.osx.a]
  Library search paths: [;/Users/pietro/Documents/Projects/GBEmu/build/CMakeFiles/CMakeTmp/Debug;/Applications/Xcode.app/Contents/Developer/Platforms/MacOSX.platform/Developer/SDKs/MacOSX10.10.sdk/usr/lib]
  Framework search paths: [;/Users/pietro/Documents/Projects/GBEmu/build/CMakeFiles/CMakeTmp/Debug;/Applications/Xcode.app/Contents/Developer/Platforms/MacOSX.platform/Developer/SDKs/MacOSX10.10.sdk/System/Library/Frameworks/]
  remove lib [System]
  collapse lib [/Applications/Xcode.app/Contents/Developer/Toolchains/XcodeDefault.xctoolchain/usr/bin/../lib/clang/6.1.0/lib/darwin/libclang_rt.osx.a] ==> [/Applications/Xcode.app/Contents/Developer/Toolchains/XcodeDefault.xctoolchain/usr/lib/clang/6.1.0/lib/darwin/libclang_rt.osx.a]
  collapse library dir [/Users/pietro/Documents/Projects/GBEmu/build/CMakeFiles/CMakeTmp/Debug] ==> [/Users/pietro/Documents/Projects/GBEmu/build/CMakeFiles/CMakeTmp/Debug], skipping non-system directory
  collapse library dir [/Applications/Xcode.app/Contents/Developer/Platforms/MacOSX.platform/Developer/SDKs/MacOSX10.10.sdk/usr/lib] ==> [/Applications/Xcode.app/Contents/Developer/Platforms/MacOSX.platform/Developer/SDKs/MacOSX10.10.sdk/usr/lib]
  collapse framework dir [/Users/pietro/Documents/Projects/GBEmu/build/CMakeFiles/CMakeTmp/Debug] ==> [/Users/pietro/Documents/Projects/GBEmu/build/CMakeFiles/CMakeTmp/Debug], skipping non-system directory
  collapse framework dir [/Applications/Xcode.app/Contents/Developer/Platforms/MacOSX.platform/Developer/SDKs/MacOSX10.10.sdk/System/Library/Frameworks/] ==> [/Applications/Xcode.app/Contents/Developer/Platforms/MacOSX.platform/Developer/SDKs/MacOSX10.10.sdk/System/Library/Frameworks]
  implicit libs: [/Applications/Xcode.app/Contents/Developer/Toolchains/XcodeDefault.xctoolchain/usr/lib/clang/6.1.0/lib/darwin/libclang_rt.osx.a]
  implicit dirs: [/Applications/Xcode.app/Contents/Developer/Platforms/MacOSX.platform/Developer/SDKs/MacOSX10.10.sdk/usr/lib]
  implicit fwks: [/Applications/Xcode.app/Contents/Developer/Platforms/MacOSX.platform/Developer/SDKs/MacOSX10.10.sdk/System/Library/Frameworks]




Detecting C [-std=c11] compiler features compiled with the following output:
Change Dir: /Users/pietro/Documents/Projects/GBEmu/build/CMakeFiles/CMakeTmp

Run Build Command:"/usr/bin/xcodebuild" "-project" "CMAKE_TRY_COMPILE.xcodeproj" "build" "-target" "cmTryCompileExec648159693" "-configuration" "Debug"
=== BUILD TARGET cmTryCompileExec648159693 OF PROJECT CMAKE_TRY_COMPILE WITH CONFIGURATION Debug ===

Check dependencies

Write auxiliary files
/bin/mkdir -p /Users/pietro/Documents/Projects/GBEmu/build/CMakeFiles/CMakeTmp/CMAKE_TRY_COMPILE.build/Debug/cmTryCompileExec648159693.build/Objects-normal/x86_64
write-file /Users/pietro/Documents/Projects/GBEmu/build/CMakeFiles/CMakeTmp/CMAKE_TRY_COMPILE.build/Debug/cmTryCompileExec648159693.build/Objects-normal/x86_64/cmTryCompileExec648159693.LinkFileList

CompileC CMAKE_TRY_COMPILE.build/Debug/cmTryCompileExec648159693.build/Objects-normal/x86_64/feature_tests.o /Users/pietro/Documents/Projects/GBEmu/build/CMakeFiles/feature_tests.c normal x86_64 c com.apple.compilers.llvm.clang.1_0.compiler
    cd /Users/pietro/Documents/Projects/GBEmu/build/CMakeFiles/CMakeTmp
    export LANG=en_US.US-ASCII
    /Applications/Xcode.app/Contents/Developer/Toolchains/XcodeDefault.xctoolchain/usr/bin/clang -x c -arch x86_64 -fmessage-length=0 -fdiagnostics-show-note-include-stack -fmacro-backtrace-limit=0 -Wno-trigraphs -fpascal-strings -O0 -Wno-missing-field-initializers -Wno-missing-prototypes -Wno-return-type -Wno-missing-braces -Wparentheses -Wswitch -Wno-unused-function -Wno-unused-label -Wno-unused-parameter -Wno-unused-variable -Wunused-value -Wno-empty-body -Wno-uninitialized -Wno-unknown-pragmas -Wno-shadow -Wno-four-char-constants -Wno-conversion -Wno-constant-conversion -Wno-int-conversion -Wno-bool-conversion -Wno-enum-conversion -Wno-shorten-64-to-32 -Wpointer-sign -Wno-newline-eof -DCMAKE_INTDIR=\"Debug\" -isysroot /Applications/Xcode.app/Contents/Developer/Platforms/MacOSX.platform/Developer/SDKs/MacOSX10.10.sdk -fasm-blocks -fstrict-aliasing -Wdeprecated-declarations -mmacosx-version-min=10.10 -g -Wno-sign-conversion -I/Users/pietro/Documents/Projects/GBEmu/build/CMakeFiles/CMakeTmp/Debug/include -I/Applications/Xcode.app/Contents/Developer/Toolchains/XcodeDefault.xctoolchain/usr/include -I/Users/pietro/Documents/Projects/GBEmu/build/CMakeFiles/CMakeTmp/CMAKE_TRY_COMPILE.build/Debug/cmTryCompileExec648159693.build/DerivedSources/x86_64 -I/Users/pietro/Documents/Projects/GBEmu/build/CMakeFiles/CMakeTmp/CMAKE_TRY_COMPILE.build/Debug/cmTryCompileExec648159693.build/DerivedSources -Wmost -Wno-four-char-constants -Wno-unknown-pragmas -F/Users/pietro/Documents/Projects/GBEmu/build/CMakeFiles/CMakeTmp/Debug -std=c11 -MMD -MT dependencies -MF /Users/pietro/Documents/Projects/GBEmu/build/CMakeFiles/CMakeTmp/CMAKE_TRY_COMPILE.build/Debug/cmTryCompileExec648159693.build/Objects-normal/x86_64/feature_tests.d --serialize-diagnostics /Users/pietro/Documents/Projects/GBEmu/build/CMakeFiles/CMakeTmp/CMAKE_TRY_COMPILE.build/Debug/cmTryCompileExec648159693.build/Objects-normal/x86_64/feature_tests.dia -c /Users/pietro/Documents/Projects/GBEmu/build/CMakeFiles/feature_tests.c -o /Users/pietro/Documents/Projects/GBEmu/build/CMakeFiles/CMakeTmp/CMAKE_TRY_COMPILE.build/Debug/cmTryCompileExec648159693.build/Objects-normal/x86_64/feature_tests.o

Ld Debug/cmTryCompileExec648159693 normal x86_64
    cd /Users/pietro/Documents/Projects/GBEmu/build/CMakeFiles/CMakeTmp
    export MACOSX_DEPLOYMENT_TARGET=10.10
    /Applications/Xcode.app/Contents/Developer/Toolchains/XcodeDefault.xctoolchain/usr/bin/clang -arch x86_64 -isysroot /Applications/Xcode.app/Contents/Developer/Platforms/MacOSX.platform/Developer/SDKs/MacOSX10.10.sdk -L/Users/pietro/Documents/Projects/GBEmu/build/CMakeFiles/CMakeTmp/Debug -F/Users/pietro/Documents/Projects/GBEmu/build/CMakeFiles/CMakeTmp/Debug -filelist /Users/pietro/Documents/Projects/GBEmu/build/CMakeFiles/CMakeTmp/CMAKE_TRY_COMPILE.build/Debug/cmTryCompileExec648159693.build/Objects-normal/x86_64/cmTryCompileExec648159693.LinkFileList -mmacosx-version-min=10.10 -Wl,-search_paths_first -Wl,-headerpad_max_install_names -Xlinker -dependency_info -Xlinker /Users/pietro/Documents/Projects/GBEmu/build/CMakeFiles/CMakeTmp/CMAKE_TRY_COMPILE.build/Debug/cmTryCompileExec648159693.build/Objects-normal/x86_64/cmTryCompileExec648159693_dependency_info.dat -o /Users/pietro/Documents/Projects/GBEmu/build/CMakeFiles/CMakeTmp/Debug/cmTryCompileExec648159693

** BUILD SUCCEEDED **



    Feature record: C_FEATURE:1c_function_prototypes
    Feature record: C_FEATURE:1c_restrict
    Feature record: C_FEATURE:1c_static_assert
    Feature record: C_FEATURE:1c_variadic_macros


Detecting C [-std=c99] compiler features compiled with the following output:
Change Dir: /Users/pietro/Documents/Projects/GBEmu/build/CMakeFiles/CMakeTmp

Run Build Command:"/usr/bin/xcodebuild" "-project" "CMAKE_TRY_COMPILE.xcodeproj" "build" "-target" "cmTryCompileExec4225735673" "-configuration" "Debug"
=== BUILD TARGET cmTryCompileExec4225735673 OF PROJECT CMAKE_TRY_COMPILE WITH CONFIGURATION Debug ===

Check dependencies

Write auxiliary files
/bin/mkdir -p /Users/pietro/Documents/Projects/GBEmu/build/CMakeFiles/CMakeTmp/CMAKE_TRY_COMPILE.build/Debug/cmTryCompileExec4225735673.build/Objects-normal/x86_64
write-file /Users/pietro/Documents/Projects/GBEmu/build/CMakeFiles/CMakeTmp/CMAKE_TRY_COMPILE.build/Debug/cmTryCompileExec4225735673.build/Objects-normal/x86_64/cmTryCompileExec4225735673.LinkFileList

CompileC CMAKE_TRY_COMPILE.build/Debug/cmTryCompileExec4225735673.build/Objects-normal/x86_64/feature_tests.o /Users/pietro/Documents/Projects/GBEmu/build/CMakeFiles/feature_tests.c normal x86_64 c com.apple.compilers.llvm.clang.1_0.compiler
    cd /Users/pietro/Documents/Projects/GBEmu/build/CMakeFiles/CMakeTmp
    export LANG=en_US.US-ASCII
    /Applications/Xcode.app/Contents/Developer/Toolchains/XcodeDefault.xctoolchain/usr/bin/clang -x c -arch x86_64 -fmessage-length=0 -fdiagnostics-show-note-include-stack -fmacro-backtrace-limit=0 -Wno-trigraphs -fpascal-strings -O0 -Wno-missing-field-initializers -Wno-missing-prototypes -Wno-return-type -Wno-missing-braces -Wparentheses -Wswitch -Wno-unused-function -Wno-unused-label -Wno-unused-parameter -Wno-unused-variable -Wunused-value -Wno-empty-body -Wno-uninitialized -Wno-unknown-pragmas -Wno-shadow -Wno-four-char-constants -Wno-conversion -Wno-constant-conversion -Wno-int-conversion -Wno-bool-conversion -Wno-enum-conversion -Wno-shorten-64-to-32 -Wpointer-sign -Wno-newline-eof -DCMAKE_INTDIR=\"Debug\" -isysroot /Applications/Xcode.app/Contents/Developer/Platforms/MacOSX.platform/Developer/SDKs/MacOSX10.10.sdk -fasm-blocks -fstrict-aliasing -Wdeprecated-declarations -mmacosx-version-min=10.10 -g -Wno-sign-conversion -I/Users/pietro/Documents/Projects/GBEmu/build/CMakeFiles/CMakeTmp/Debug/include -I/Applications/Xcode.app/Contents/Developer/Toolchains/XcodeDefault.xctoolchain/usr/include -I/Users/pietro/Documents/Projects/GBEmu/build/CMakeFiles/CMakeTmp/CMAKE_TRY_COMPILE.build/Debug/cmTryCompileExec4225735673.build/DerivedSources/x86_64 -I/Users/pietro/Documents/Projects/GBEmu/build/CMakeFiles/CMakeTmp/CMAKE_TRY_COMPILE.build/Debug/cmTryCompileExec4225735673.build/DerivedSources -Wmost -Wno-four-char-constants -Wno-unknown-pragmas -F/Users/pietro/Documents/Projects/GBEmu/build/CMakeFiles/CMakeTmp/Debug -std=c99 -MMD -MT dependencies -MF /Users/pietro/Documents/Projects/GBEmu/build/CMakeFiles/CMakeTmp/CMAKE_TRY_COMPILE.build/Debug/cmTryCompileExec4225735673.build/Objects-normal/x86_64/feature_tests.d --serialize-diagnostics /Users/pietro/Documents/Projects/GBEmu/build/CMakeFiles/CMakeTmp/CMAKE_TRY_COMPILE.build/Debug/cmTryCompileExec4225735673.build/Objects-normal/x86_64/feature_tests.dia -c /Users/pietro/Documents/Projects/GBEmu/build/CMakeFiles/feature_tests.c -o /Users/pietro/Documents/Projects/GBEmu/build/CMakeFiles/CMakeTmp/CMAKE_TRY_COMPILE.build/Debug/cmTryCompileExec4225735673.build/Objects-normal/x86_64/feature_tests.o

Ld Debug/cmTryCompileExec4225735673 normal x86_64
    cd /Users/pietro/Documents/Projects/GBEmu/build/CMakeFiles/CMakeTmp
    export MACOSX_DEPLOYMENT_TARGET=10.10
    /Applications/Xcode.app/Contents/Developer/Toolchains/XcodeDefault.xctoolchain/usr/bin/clang -arch x86_64 -isysroot /Applications/Xcode.app/Contents/Developer/Platforms/MacOSX.platform/Developer/SDKs/MacOSX10.10.sdk -L/Users/pietro/Documents/Projects/GBEmu/build/CMakeFiles/CMakeTmp/Debug -F/Users/pietro/Documents/Projects/GBEmu/build/CMakeFiles/CMakeTmp/Debug -filelist /Users/pietro/Documents/Projects/GBEmu/build/CMakeFiles/CMakeTmp/CMAKE_TRY_COMPILE.build/Debug/cmTryCompileExec4225735673.build/Objects-normal/x86_64/cmTryCompileExec4225735673.LinkFileList -mmacosx-version-min=10.10 -Wl,-search_paths_first -Wl,-headerpad_max_install_names -Xlinker -dependency_info -Xlinker /Users/pietro/Documents/Projects/GBEmu/build/CMakeFiles/CMakeTmp/CMAKE_TRY_COMPILE.build/Debug/cmTryCompileExec4225735673.build/Objects-normal/x86_64/cmTryCompileExec4225735673_dependency_info.dat -o /Users/pietro/Documents/Projects/GBEmu/build/CMakeFiles/CMakeTmp/Debug/cmTryCompileExec4225735673

** BUILD SUCCEEDED **



    Feature record: C_FEATURE:1c_function_prototypes
    Feature record: C_FEATURE:1c_restrict
    Feature record: C_FEATURE:0c_static_assert
    Feature record: C_FEATURE:1c_variadic_macros


Detecting C [-std=c90] compiler features compiled with the following output:
Change Dir: /Users/pietro/Documents/Projects/GBEmu/build/CMakeFiles/CMakeTmp

Run Build Command:"/usr/bin/xcodebuild" "-project" "CMAKE_TRY_COMPILE.xcodeproj" "build" "-target" "cmTryCompileExec662848060" "-configuration" "Debug"
=== BUILD TARGET cmTryCompileExec662848060 OF PROJECT CMAKE_TRY_COMPILE WITH CONFIGURATION Debug ===

Check dependencies

Write auxiliary files
/bin/mkdir -p /Users/pietro/Documents/Projects/GBEmu/build/CMakeFiles/CMakeTmp/CMAKE_TRY_COMPILE.build/Debug/cmTryCompileExec662848060.build/Objects-normal/x86_64
write-file /Users/pietro/Documents/Projects/GBEmu/build/CMakeFiles/CMakeTmp/CMAKE_TRY_COMPILE.build/Debug/cmTryCompileExec662848060.build/Objects-normal/x86_64/cmTryCompileExec662848060.LinkFileList

CompileC CMAKE_TRY_COMPILE.build/Debug/cmTryCompileExec662848060.build/Objects-normal/x86_64/feature_tests.o /Users/pietro/Documents/Projects/GBEmu/build/CMakeFiles/feature_tests.c normal x86_64 c com.apple.compilers.llvm.clang.1_0.compiler
    cd /Users/pietro/Documents/Projects/GBEmu/build/CMakeFiles/CMakeTmp
    export LANG=en_US.US-ASCII
    /Applications/Xcode.app/Contents/Developer/Toolchains/XcodeDefault.xctoolchain/usr/bin/clang -x c -arch x86_64 -fmessage-length=0 -fdiagnostics-show-note-include-stack -fmacro-backtrace-limit=0 -Wno-trigraphs -fpascal-strings -O0 -Wno-missing-field-initializers -Wno-missing-prototypes -Wno-return-type -Wno-missing-braces -Wparentheses -Wswitch -Wno-unused-function -Wno-unused-label -Wno-unused-parameter -Wno-unused-variable -Wunused-value -Wno-empty-body -Wno-uninitialized -Wno-unknown-pragmas -Wno-shadow -Wno-four-char-constants -Wno-conversion -Wno-constant-conversion -Wno-int-conversion -Wno-bool-conversion -Wno-enum-conversion -Wno-shorten-64-to-32 -Wpointer-sign -Wno-newline-eof -DCMAKE_INTDIR=\"Debug\" -isysroot /Applications/Xcode.app/Contents/Developer/Platforms/MacOSX.platform/Developer/SDKs/MacOSX10.10.sdk -fasm-blocks -fstrict-aliasing -Wdeprecated-declarations -mmacosx-version-min=10.10 -g -Wno-sign-conversion -I/Users/pietro/Documents/Projects/GBEmu/build/CMakeFiles/CMakeTmp/Debug/include -I/Applications/Xcode.app/Contents/Developer/Toolchains/XcodeDefault.xctoolchain/usr/include -I/Users/pietro/Documents/Projects/GBEmu/build/CMakeFiles/CMakeTmp/CMAKE_TRY_COMPILE.build/Debug/cmTryCompileExec662848060.build/DerivedSources/x86_64 -I/Users/pietro/Documents/Projects/GBEmu/build/CMakeFiles/CMakeTmp/CMAKE_TRY_COMPILE.build/Debug/cmTryCompileExec662848060.build/DerivedSources -Wmost -Wno-four-char-constants -Wno-unknown-pragmas -F/Users/pietro/Documents/Projects/GBEmu/build/CMakeFiles/CMakeTmp/Debug -std=c90 -MMD -MT dependencies -MF /Users/pietro/Documents/Projects/GBEmu/build/CMakeFiles/CMakeTmp/CMAKE_TRY_COMPILE.build/Debug/cmTryCompileExec662848060.build/Objects-normal/x86_64/feature_tests.d --serialize-diagnostics /Users/pietro/Documents/Projects/GBEmu/build/CMakeFiles/CMakeTmp/CMAKE_TRY_COMPILE.build/Debug/cmTryCompileExec662848060.build/Objects-normal/x86_64/feature_tests.dia -c /Users/pietro/Documents/Projects/GBEmu/build/CMakeFiles/feature_tests.c -o /Users/pietro/Documents/Projects/GBEmu/build/CMakeFiles/CMakeTmp/CMAKE_TRY_COMPILE.build/Debug/cmTryCompileExec662848060.build/Objects-normal/x86_64/feature_tests.o

Ld Debug/cmTryCompileExec662848060 normal x86_64
    cd /Users/pietro/Documents/Projects/GBEmu/build/CMakeFiles/CMakeTmp
    export MACOSX_DEPLOYMENT_TARGET=10.10
    /Applications/Xcode.app/Contents/Developer/Toolchains/XcodeDefault.xctoolchain/usr/bin/clang -arch x86_64 -isysroot /Applications/Xcode.app/Contents/Developer/Platforms/MacOSX.platform/Developer/SDKs/MacOSX10.10.sdk -L/Users/pietro/Documents/Projects/GBEmu/build/CMakeFiles/CMakeTmp/Debug -F/Users/pietro/Documents/Projects/GBEmu/build/CMakeFiles/CMakeTmp/Debug -filelist /Users/pietro/Documents/Projects/GBEmu/build/CMakeFiles/CMakeTmp/CMAKE_TRY_COMPILE.build/Debug/cmTryCompileExec662848060.build/Objects-normal/x86_64/cmTryCompileExec662848060.LinkFileList -mmacosx-version-min=10.10 -Wl,-search_paths_first -Wl,-headerpad_max_install_names -Xlinker -dependency_info -Xlinker /Users/pietro/Documents/Projects/GBEmu/build/CMakeFiles/CMakeTmp/CMAKE_TRY_COMPILE.build/Debug/cmTryCompileExec662848060.build/Objects-normal/x86_64/cmTryCompileExec662848060_dependency_info.dat -o /Users/pietro/Documents/Projects/GBEmu/build/CMakeFiles/CMakeTmp/Debug/cmTryCompileExec662848060

** BUILD SUCCEEDED **



    Feature record: C_FEATURE:1c_function_prototypes
    Feature record: C_FEATURE:0c_restrict
    Feature record: C_FEATURE:0c_static_assert
    Feature record: C_FEATURE:0c_variadic_macros
Determining if the CXX compiler works passed with the following output:
Change Dir: /Users/pietro/Documents/Projects/GBEmu/build/CMakeFiles/CMakeTmp

Run Build Command:"/usr/bin/xcodebuild" "-project" "CMAKE_TRY_COMPILE.xcodeproj" "build" "-target" "cmTryCompileExec1094561518" "-configuration" "Debug"
=== BUILD TARGET cmTryCompileExec1094561518 OF PROJECT CMAKE_TRY_COMPILE WITH CONFIGURATION Debug ===

Check dependencies

Write auxiliary files
/bin/mkdir -p /Users/pietro/Documents/Projects/GBEmu/build/CMakeFiles/CMakeTmp/CMAKE_TRY_COMPILE.build/Debug/cmTryCompileExec1094561518.build/Objects-normal/x86_64
write-file /Users/pietro/Documents/Projects/GBEmu/build/CMakeFiles/CMakeTmp/CMAKE_TRY_COMPILE.build/Debug/cmTryCompileExec1094561518.build/Objects-normal/x86_64/cmTryCompileExec1094561518.LinkFileList

CompileC CMAKE_TRY_COMPILE.build/Debug/cmTryCompileExec1094561518.build/Objects-normal/x86_64/testCXXCompiler.o testCXXCompiler.cxx normal x86_64 c++ com.apple.compilers.llvm.clang.1_0.compiler
    cd /Users/pietro/Documents/Projects/GBEmu/build/CMakeFiles/CMakeTmp
    export LANG=en_US.US-ASCII
    /Applications/Xcode.app/Contents/Developer/Toolchains/XcodeDefault.xctoolchain/usr/bin/clang -x c++ -arch x86_64 -fmessage-length=0 -fdiagnostics-show-note-include-stack -fmacro-backtrace-limit=0 -Wno-trigraphs -fpascal-strings -O0 -Wno-missing-field-initializers -Wno-missing-prototypes -Wno-return-type -Wno-non-virtual-dtor -Wno-overloaded-virtual -Wno-exit-time-destructors -Wno-missing-braces -Wparentheses -Wswitch -Wno-unused-function -Wno-unused-label -Wno-unused-parameter -Wno-unused-variable -Wunused-value -Wno-empty-body -Wno-uninitialized -Wno-unknown-pragmas -Wno-shadow -Wno-four-char-constants -Wno-conversion -Wno-constant-conversion -Wno-int-conversion -Wno-bool-conversion -Wno-enum-conversion -Wno-shorten-64-to-32 -Wno-newline-eof -Wno-c++11-extensions -DCMAKE_INTDIR=\"Debug\" -isysroot /Applications/Xcode.app/Contents/Developer/Platforms/MacOSX.platform/Developer/SDKs/MacOSX10.10.sdk -fasm-blocks -fstrict-aliasing -Wdeprecated-declarations -Winvalid-offsetof -mmacosx-version-min=10.10 -Wno-sign-conversion -I/Users/pietro/Documents/Projects/GBEmu/build/CMakeFiles/CMakeTmp/Debug/include -I/Applications/Xcode.app/Contents/Developer/Toolchains/XcodeDefault.xctoolchain/usr/include -I/Users/pietro/Documents/Projects/GBEmu/build/CMakeFiles/CMakeTmp/CMAKE_TRY_COMPILE.build/Debug/cmTryCompileExec1094561518.build/DerivedSources/x86_64 -I/Users/pietro/Documents/Projects/GBEmu/build/CMakeFiles/CMakeTmp/CMAKE_TRY_COMPILE.build/Debug/cmTryCompileExec1094561518.build/DerivedSources -Wmost -Wno-four-char-constants -Wno-unknown-pragmas -F/Users/pietro/Documents/Projects/GBEmu/build/CMakeFiles/CMakeTmp/Debug -g -MMD -MT dependencies -MF /Users/pietro/Documents/Projects/GBEmu/build/CMakeFiles/CMakeTmp/CMAKE_TRY_COMPILE.build/Debug/cmTryCompileExec1094561518.build/Objects-normal/x86_64/testCXXCompiler.d --serialize-diagnostics /Users/pietro/Documents/Projects/GBEmu/build/CMakeFiles/CMakeTmp/CMAKE_TRY_COMPILE.build/Debug/cmTryCompileExec1094561518.build/Objects-normal/x86_64/testCXXCompiler.dia -c /Users/pietro/Documents/Projects/GBEmu/build/CMakeFiles/CMakeTmp/testCXXCompiler.cxx -o /Users/pietro/Documents/Projects/GBEmu/build/CMakeFiles/CMakeTmp/CMAKE_TRY_COMPILE.build/Debug/cmTryCompileExec1094561518.build/Objects-normal/x86_64/testCXXCompiler.o

Ld Debug/cmTryCompileExec1094561518 normal x86_64
    cd /Users/pietro/Documents/Projects/GBEmu/build/CMakeFiles/CMakeTmp
    export MACOSX_DEPLOYMENT_TARGET=10.10
    /Applications/Xcode.app/Contents/Developer/Toolchains/XcodeDefault.xctoolchain/usr/bin/clang++ -arch x86_64 -isysroot /Applications/Xcode.app/Contents/Developer/Platforms/MacOSX.platform/Developer/SDKs/MacOSX10.10.sdk -L/Users/pietro/Documents/Projects/GBEmu/build/CMakeFiles/CMakeTmp/Debug -F/Users/pietro/Documents/Projects/GBEmu/build/CMakeFiles/CMakeTmp/Debug -filelist /Users/pietro/Documents/Projects/GBEmu/build/CMakeFiles/CMakeTmp/CMAKE_TRY_COMPILE.build/Debug/cmTryCompileExec1094561518.build/Objects-normal/x86_64/cmTryCompileExec1094561518.LinkFileList -mmacosx-version-min=10.10 -Wl,-search_paths_first -Wl,-headerpad_max_install_names -Xlinker -dependency_info -Xlinker /Users/pietro/Documents/Projects/GBEmu/build/CMakeFiles/CMakeTmp/CMAKE_TRY_COMPILE.build/Debug/cmTryCompileExec1094561518.build/Objects-normal/x86_64/cmTryCompileExec1094561518_dependency_info.dat -o /Users/pietro/Documents/Projects/GBEmu/build/CMakeFiles/CMakeTmp/Debug/cmTryCompileExec1094561518

** BUILD SUCCEEDED **



Detecting CXX compiler ABI info compiled with the following output:
Change Dir: /Users/pietro/Documents/Projects/GBEmu/build/CMakeFiles/CMakeTmp

Run Build Command:"/usr/bin/xcodebuild" "-project" "CMAKE_TRY_COMPILE.xcodeproj" "build" "-target" "cmTryCompileExec2886236180" "-configuration" "Debug"
=== BUILD TARGET cmTryCompileExec2886236180 OF PROJECT CMAKE_TRY_COMPILE WITH CONFIGURATION Debug ===

Check dependencies

Write auxiliary files
/bin/mkdir -p /Users/pietro/Documents/Projects/GBEmu/build/CMakeFiles/CMakeTmp/CMAKE_TRY_COMPILE.build/Debug/cmTryCompileExec2886236180.build/Objects-normal/x86_64
write-file /Users/pietro/Documents/Projects/GBEmu/build/CMakeFiles/CMakeTmp/CMAKE_TRY_COMPILE.build/Debug/cmTryCompileExec2886236180.build/Objects-normal/x86_64/cmTryCompileExec2886236180.LinkFileList

CompileC CMAKE_TRY_COMPILE.build/Debug/cmTryCompileExec2886236180.build/Objects-normal/x86_64/CMakeCXXCompilerABI.o /usr/local/Cellar/cmake/3.2.1/share/cmake/Modules/CMakeCXXCompilerABI.cpp normal x86_64 c++ com.apple.compilers.llvm.clang.1_0.compiler
    cd /Users/pietro/Documents/Projects/GBEmu/build/CMakeFiles/CMakeTmp
    export LANG=en_US.US-ASCII
    /Applications/Xcode.app/Contents/Developer/Toolchains/XcodeDefault.xctoolchain/usr/bin/clang -x c++ -arch x86_64 -fmessage-length=0 -fdiagnostics-show-note-include-stack -fmacro-backtrace-limit=0 -Wno-trigraphs -fpascal-strings -O0 -Wno-missing-field-initializers -Wno-missing-prototypes -Wno-return-type -Wno-non-virtual-dtor -Wno-overloaded-virtual -Wno-exit-time-destructors -Wno-missing-braces -Wparentheses -Wswitch -Wno-unused-function -Wno-unused-label -Wno-unused-parameter -Wno-unused-variable -Wunused-value -Wno-empty-body -Wno-uninitialized -Wno-unknown-pragmas -Wno-shadow -Wno-four-char-constants -Wno-conversion -Wno-constant-conversion -Wno-int-conversion -Wno-bool-conversion -Wno-enum-conversion -Wno-shorten-64-to-32 -Wno-newline-eof -Wno-c++11-extensions -DCMAKE_INTDIR=\"Debug\" -isysroot /Applications/Xcode.app/Contents/Developer/Platforms/MacOSX.platform/Developer/SDKs/MacOSX10.10.sdk -fasm-blocks -fstrict-aliasing -Wdeprecated-declarations -Winvalid-offsetof -mmacosx-version-min=10.10 -Wno-sign-conversion -I/Users/pietro/Documents/Projects/GBEmu/build/CMakeFiles/CMakeTmp/Debug/include -I/Applications/Xcode.app/Contents/Developer/Toolchains/XcodeDefault.xctoolchain/usr/include -I/Users/pietro/Documents/Projects/GBEmu/build/CMakeFiles/CMakeTmp/CMAKE_TRY_COMPILE.build/Debug/cmTryCompileExec2886236180.build/DerivedSources/x86_64 -I/Users/pietro/Documents/Projects/GBEmu/build/CMakeFiles/CMakeTmp/CMAKE_TRY_COMPILE.build/Debug/cmTryCompileExec2886236180.build/DerivedSources -Wmost -Wno-four-char-constants -Wno-unknown-pragmas -F/Users/pietro/Documents/Projects/GBEmu/build/CMakeFiles/CMakeTmp/Debug -g -MMD -MT dependencies -MF /Users/pietro/Documents/Projects/GBEmu/build/CMakeFiles/CMakeTmp/CMAKE_TRY_COMPILE.build/Debug/cmTryCompileExec2886236180.build/Objects-normal/x86_64/CMakeCXXCompilerABI.d --serialize-diagnostics /Users/pietro/Documents/Projects/GBEmu/build/CMakeFiles/CMakeTmp/CMAKE_TRY_COMPILE.build/Debug/cmTryCompileExec2886236180.build/Objects-normal/x86_64/CMakeCXXCompilerABI.dia -c /usr/local/Cellar/cmake/3.2.1/share/cmake/Modules/CMakeCXXCompilerABI.cpp -o /Users/pietro/Documents/Projects/GBEmu/build/CMakeFiles/CMakeTmp/CMAKE_TRY_COMPILE.build/Debug/cmTryCompileExec2886236180.build/Objects-normal/x86_64/CMakeCXXCompilerABI.o

Ld Debug/cmTryCompileExec2886236180 normal x86_64
    cd /Users/pietro/Documents/Projects/GBEmu/build/CMakeFiles/CMakeTmp
    export MACOSX_DEPLOYMENT_TARGET=10.10
    /Applications/Xcode.app/Contents/Developer/Toolchains/XcodeDefault.xctoolchain/usr/bin/clang++ -arch x86_64 -isysroot /Applications/Xcode.app/Contents/Developer/Platforms/MacOSX.platform/Developer/SDKs/MacOSX10.10.sdk -L/Users/pietro/Documents/Projects/GBEmu/build/CMakeFiles/CMakeTmp/Debug -F/Users/pietro/Documents/Projects/GBEmu/build/CMakeFiles/CMakeTmp/Debug -filelist /Users/pietro/Documents/Projects/GBEmu/build/CMakeFiles/CMakeTmp/CMAKE_TRY_COMPILE.build/Debug/cmTryCompileExec2886236180.build/Objects-normal/x86_64/cmTryCompileExec2886236180.LinkFileList -mmacosx-version-min=10.10 -v -Wl,-v -Wl,-search_paths_first -Wl,-headerpad_max_install_names -Xlinker -dependency_info -Xlinker /Users/pietro/Documents/Projects/GBEmu/build/CMakeFiles/CMakeTmp/CMAKE_TRY_COMPILE.build/Debug/cmTryCompileExec2886236180.build/Objects-normal/x86_64/cmTryCompileExec2886236180_dependency_info.dat -o /Users/pietro/Documents/Projects/GBEmu/build/CMakeFiles/CMakeTmp/Debug/cmTryCompileExec2886236180
Apple LLVM version 6.1.0 (clang-602.0.49) (based on LLVM 3.6.0svn)
Target: x86_64-apple-darwin14.3.0
Thread model: posix
 "/Applications/Xcode.app/Contents/Developer/Toolchains/XcodeDefault.xctoolchain/usr/bin/ld" -demangle -dynamic -arch x86_64 -macosx_version_min 10.10.0 -syslibroot /Applications/Xcode.app/Contents/Developer/Platforms/MacOSX.platform/Developer/SDKs/MacOSX10.10.sdk -o /Users/pietro/Documents/Projects/GBEmu/build/CMakeFiles/CMakeTmp/Debug/cmTryCompileExec2886236180 -L/Users/pietro/Documents/Projects/GBEmu/build/CMakeFiles/CMakeTmp/Debug -filelist /Users/pietro/Documents/Projects/GBEmu/build/CMakeFiles/CMakeTmp/CMAKE_TRY_COMPILE.build/Debug/cmTryCompileExec2886236180.build/Objects-normal/x86_64/cmTryCompileExec2886236180.LinkFileList -v -search_paths_first -headerpad_max_install_names -dependency_info /Users/pietro/Documents/Projects/GBEmu/build/CMakeFiles/CMakeTmp/CMAKE_TRY_COMPILE.build/Debug/cmTryCompileExec2886236180.build/Objects-normal/x86_64/cmTryCompileExec2886236180_dependency_info.dat -lc++ -lSystem /Applications/Xcode.app/Contents/Developer/Toolchains/XcodeDefault.xctoolchain/usr/bin/../lib/clang/6.1.0/lib/darwin/libclang_rt.osx.a -F/Users/pietro/Documents/Projects/GBEmu/build/CMakeFiles/CMakeTmp/Debug
@(#)PROGRAM:ld  PROJECT:ld64-242
configured to support archs: armv6 armv7 armv7s arm64 i386 x86_64 x86_64h armv6m armv7m armv7em
Library search paths:
	/Users/pietro/Documents/Projects/GBEmu/build/CMakeFiles/CMakeTmp/Debug
	/Applications/Xcode.app/Contents/Developer/Platforms/MacOSX.platform/Developer/SDKs/MacOSX10.10.sdk/usr/lib
Framework search paths:
	/Users/pietro/Documents/Projects/GBEmu/build/CMakeFiles/CMakeTmp/Debug
	/Applications/Xcode.app/Contents/Developer/Platforms/MacOSX.platform/Developer/SDKs/MacOSX10.10.sdk/System/Library/Frameworks/

** BUILD SUCCEEDED **



Parsed CXX implicit link information from above output:
  link line regex: [^( *|.*[/\])(ld|([^/\]+-)?ld|collect2)[^/\]*( |$)]
  ignore line: [Change Dir: /Users/pietro/Documents/Projects/GBEmu/build/CMakeFiles/CMakeTmp]
  ignore line: []
  ignore line: [Run Build Command:"/usr/bin/xcodebuild" "-project" "CMAKE_TRY_COMPILE.xcodeproj" "build" "-target" "cmTryCompileExec2886236180" "-configuration" "Debug"]
  ignore line: [=== BUILD TARGET cmTryCompileExec2886236180 OF PROJECT CMAKE_TRY_COMPILE WITH CONFIGURATION Debug ===]
  ignore line: []
  ignore line: [Check dependencies]
  ignore line: []
  ignore line: [Write auxiliary files]
  ignore line: [/bin/mkdir -p /Users/pietro/Documents/Projects/GBEmu/build/CMakeFiles/CMakeTmp/CMAKE_TRY_COMPILE.build/Debug/cmTryCompileExec2886236180.build/Objects-normal/x86_64]
  ignore line: [write-file /Users/pietro/Documents/Projects/GBEmu/build/CMakeFiles/CMakeTmp/CMAKE_TRY_COMPILE.build/Debug/cmTryCompileExec2886236180.build/Objects-normal/x86_64/cmTryCompileExec2886236180.LinkFileList]
  ignore line: []
  ignore line: [CompileC CMAKE_TRY_COMPILE.build/Debug/cmTryCompileExec2886236180.build/Objects-normal/x86_64/CMakeCXXCompilerABI.o /usr/local/Cellar/cmake/3.2.1/share/cmake/Modules/CMakeCXXCompilerABI.cpp normal x86_64 c++ com.apple.compilers.llvm.clang.1_0.compiler]
  ignore line: [    cd /Users/pietro/Documents/Projects/GBEmu/build/CMakeFiles/CMakeTmp]
  ignore line: [    export LANG=en_US.US-ASCII]
  ignore line: [    /Applications/Xcode.app/Contents/Developer/Toolchains/XcodeDefault.xctoolchain/usr/bin/clang -x c++ -arch x86_64 -fmessage-length=0 -fdiagnostics-show-note-include-stack -fmacro-backtrace-limit=0 -Wno-trigraphs -fpascal-strings -O0 -Wno-missing-field-initializers -Wno-missing-prototypes -Wno-return-type -Wno-non-virtual-dtor -Wno-overloaded-virtual -Wno-exit-time-destructors -Wno-missing-braces -Wparentheses -Wswitch -Wno-unused-function -Wno-unused-label -Wno-unused-parameter -Wno-unused-variable -Wunused-value -Wno-empty-body -Wno-uninitialized -Wno-unknown-pragmas -Wno-shadow -Wno-four-char-constants -Wno-conversion -Wno-constant-conversion -Wno-int-conversion -Wno-bool-conversion -Wno-enum-conversion -Wno-shorten-64-to-32 -Wno-newline-eof -Wno-c++11-extensions -DCMAKE_INTDIR=\"Debug\" -isysroot /Applications/Xcode.app/Contents/Developer/Platforms/MacOSX.platform/Developer/SDKs/MacOSX10.10.sdk -fasm-blocks -fstrict-aliasing -Wdeprecated-declarations -Winvalid-offsetof -mmacosx-version-min=10.10 -Wno-sign-conversion -I/Users/pietro/Documents/Projects/GBEmu/build/CMakeFiles/CMakeTmp/Debug/include -I/Applications/Xcode.app/Contents/Developer/Toolchains/XcodeDefault.xctoolchain/usr/include -I/Users/pietro/Documents/Projects/GBEmu/build/CMakeFiles/CMakeTmp/CMAKE_TRY_COMPILE.build/Debug/cmTryCompileExec2886236180.build/DerivedSources/x86_64 -I/Users/pietro/Documents/Projects/GBEmu/build/CMakeFiles/CMakeTmp/CMAKE_TRY_COMPILE.build/Debug/cmTryCompileExec2886236180.build/DerivedSources -Wmost -Wno-four-char-constants -Wno-unknown-pragmas -F/Users/pietro/Documents/Projects/GBEmu/build/CMakeFiles/CMakeTmp/Debug -g -MMD -MT dependencies -MF /Users/pietro/Documents/Projects/GBEmu/build/CMakeFiles/CMakeTmp/CMAKE_TRY_COMPILE.build/Debug/cmTryCompileExec2886236180.build/Objects-normal/x86_64/CMakeCXXCompilerABI.d --serialize-diagnostics /Users/pietro/Documents/Projects/GBEmu/build/CMakeFiles/CMakeTmp/CMAKE_TRY_COMPILE.build/Debug/cmTryCompileExec2886236180.build/Objects-normal/x86_64/CMakeCXXCompilerABI.dia -c /usr/local/Cellar/cmake/3.2.1/share/cmake/Modules/CMakeCXXCompilerABI.cpp -o /Users/pietro/Documents/Projects/GBEmu/build/CMakeFiles/CMakeTmp/CMAKE_TRY_COMPILE.build/Debug/cmTryCompileExec2886236180.build/Objects-normal/x86_64/CMakeCXXCompilerABI.o]
  ignore line: []
  ignore line: [Ld Debug/cmTryCompileExec2886236180 normal x86_64]
  ignore line: [    cd /Users/pietro/Documents/Projects/GBEmu/build/CMakeFiles/CMakeTmp]
  ignore line: [    export MACOSX_DEPLOYMENT_TARGET=10.10]
  ignore line: [    /Applications/Xcode.app/Contents/Developer/Toolchains/XcodeDefault.xctoolchain/usr/bin/clang++ -arch x86_64 -isysroot /Applications/Xcode.app/Contents/Developer/Platforms/MacOSX.platform/Developer/SDKs/MacOSX10.10.sdk -L/Users/pietro/Documents/Projects/GBEmu/build/CMakeFiles/CMakeTmp/Debug -F/Users/pietro/Documents/Projects/GBEmu/build/CMakeFiles/CMakeTmp/Debug -filelist /Users/pietro/Documents/Projects/GBEmu/build/CMakeFiles/CMakeTmp/CMAKE_TRY_COMPILE.build/Debug/cmTryCompileExec2886236180.build/Objects-normal/x86_64/cmTryCompileExec2886236180.LinkFileList -mmacosx-version-min=10.10 -v -Wl,-v -Wl,-search_paths_first -Wl,-headerpad_max_install_names -Xlinker -dependency_info -Xlinker /Users/pietro/Documents/Projects/GBEmu/build/CMakeFiles/CMakeTmp/CMAKE_TRY_COMPILE.build/Debug/cmTryCompileExec2886236180.build/Objects-normal/x86_64/cmTryCompileExec2886236180_dependency_info.dat -o /Users/pietro/Documents/Projects/GBEmu/build/CMakeFiles/CMakeTmp/Debug/cmTryCompileExec2886236180]
  ignore line: [Apple LLVM version 6.1.0 (clang-602.0.49) (based on LLVM 3.6.0svn)]
  ignore line: [Target: x86_64-apple-darwin14.3.0]
  ignore line: [Thread model: posix]
  reduced line: [ "/Applications/Xcode.app/Contents/Developer/Toolchains/XcodeDefault.xctoolchain/usr/bin/ld" -demangle -dynamic -arch x86_64 -macosx_version_min 10.10.0 -syslibroot /Applications/Xcode.app/Contents/Developer/Platforms/MacOSX.platform/Developer/SDKs/MacOSX10.10.sdk -o /Users/pietro/Documents/Projects/GBEmu/build/CMakeFiles/CMakeTmp/Debug/cmTryCompileExec2886236180 -L/Users/pietro/Documents/Projects/GBEmu/build/CMakeFiles/CMakeTmp/Debug -filelist /Users/pietro/Documents/Projects/GBEmu/build/CMakeFiles/CMakeTmp/CMAKE_TRY_COMPILE.build/Debug/cmTryCompileExec2886236180.build/Objects-normal/x86_64/cmTryCompileExec2886236180.LinkFileList -v -search_paths_first -headerpad_max_install_names -dependency_info /Users/pietro/Documents/Projects/GBEmu/build/CMakeFiles/CMakeTmp/CMAKE_TRY_COMPILE.build/Debug/cmTryCompileExec2886236180.build/Objects-normal/x86_64/cmTryCompileExec2886236180_dependency_info.dat -lc++ -lSystem /Applications/Xcode.app/Contents/Developer/Toolchains/XcodeDefault.xctoolchain/usr/bin/../lib/clang/6.1.0/lib/darwin/libclang_rt.osx.a -F/Users/pietro/Documents/Projects/GBEmu/build/CMakeFiles/CMakeTmp/Debug]
            to: [ "/Applications/Xcode.app/Contents/Developer/Toolchains/XcodeDefault.xctoolchain/usr/bin/ld" -demangle -dynamic -arch x86_64 -macosx_version_min 10.10.0 -syslibroot /Applications/Xcode.app/Contents/Developer/Platforms/MacOSX.platform/Developer/SDKs/MacOSX10.10.sdk -o /Users/pietro/Documents/Projects/GBEmu/build/CMakeFiles/CMakeTmp/Debug/cmTryCompileExec2886236180 -filelist /Users/pietro/Documents/Projects/GBEmu/build/CMakeFiles/CMakeTmp/CMAKE_TRY_COMPILE.build/Debug/cmTryCompileExec2886236180.build/Objects-normal/x86_64/cmTryCompileExec2886236180.LinkFileList -v -search_paths_first -headerpad_max_install_names -dependency_info /Users/pietro/Documents/Projects/GBEmu/build/CMakeFiles/CMakeTmp/CMAKE_TRY_COMPILE.build/Debug/cmTryCompileExec2886236180.build/Objects-normal/x86_64/cmTryCompileExec2886236180_dependency_info.dat -lc++ -lSystem /Applications/Xcode.app/Contents/Developer/Toolchains/XcodeDefault.xctoolchain/usr/bin/../lib/clang/6.1.0/lib/darwin/libclang_rt.osx.a ]
  link line: [ "/Applications/Xcode.app/Contents/Developer/Toolchains/XcodeDefault.xctoolchain/usr/bin/ld" -demangle -dynamic -arch x86_64 -macosx_version_min 10.10.0 -syslibroot /Applications/Xcode.app/Contents/Developer/Platforms/MacOSX.platform/Developer/SDKs/MacOSX10.10.sdk -o /Users/pietro/Documents/Projects/GBEmu/build/CMakeFiles/CMakeTmp/Debug/cmTryCompileExec2886236180 -filelist /Users/pietro/Documents/Projects/GBEmu/build/CMakeFiles/CMakeTmp/CMAKE_TRY_COMPILE.build/Debug/cmTryCompileExec2886236180.build/Objects-normal/x86_64/cmTryCompileExec2886236180.LinkFileList -v -search_paths_first -headerpad_max_install_names -dependency_info /Users/pietro/Documents/Projects/GBEmu/build/CMakeFiles/CMakeTmp/CMAKE_TRY_COMPILE.build/Debug/cmTryCompileExec2886236180.build/Objects-normal/x86_64/cmTryCompileExec2886236180_dependency_info.dat -lc++ -lSystem /Applications/Xcode.app/Contents/Developer/Toolchains/XcodeDefault.xctoolchain/usr/bin/../lib/clang/6.1.0/lib/darwin/libclang_rt.osx.a ]
    arg [/Applications/Xcode.app/Contents/Developer/Toolchains/XcodeDefault.xctoolchain/usr/bin/ld] ==> ignore
    arg [-demangle] ==> ignore
    arg [-dynamic] ==> ignore
    arg [-arch] ==> ignore
    arg [x86_64] ==> ignore
    arg [-macosx_version_min] ==> ignore
    arg [10.10.0] ==> ignore
    arg [-syslibroot] ==> ignore
    arg [/Applications/Xcode.app/Contents/Developer/Platforms/MacOSX.platform/Developer/SDKs/MacOSX10.10.sdk] ==> ignore
    arg [-o] ==> ignore
    arg [/Users/pietro/Documents/Projects/GBEmu/build/CMakeFiles/CMakeTmp/Debug/cmTryCompileExec2886236180] ==> ignore
    arg [-filelist] ==> ignore
    arg [/Users/pietro/Documents/Projects/GBEmu/build/CMakeFiles/CMakeTmp/CMAKE_TRY_COMPILE.build/Debug/cmTryCompileExec2886236180.build/Objects-normal/x86_64/cmTryCompileExec2886236180.LinkFileList] ==> ignore
    arg [-v] ==> ignore
    arg [-search_paths_first] ==> ignore
    arg [-headerpad_max_install_names] ==> ignore
    arg [-dependency_info] ==> ignore
    arg [/Users/pietro/Documents/Projects/GBEmu/build/CMakeFiles/CMakeTmp/CMAKE_TRY_COMPILE.build/Debug/cmTryCompileExec2886236180.build/Objects-normal/x86_64/cmTryCompileExec2886236180_dependency_info.dat] ==> ignore
    arg [-lc++] ==> lib [c++]
    arg [-lSystem] ==> lib [System]
    arg [/Applications/Xcode.app/Contents/Developer/Toolchains/XcodeDefault.xctoolchain/usr/bin/../lib/clang/6.1.0/lib/darwin/libclang_rt.osx.a] ==> lib [/Applications/Xcode.app/Contents/Developer/Toolchains/XcodeDefault.xctoolchain/usr/bin/../lib/clang/6.1.0/lib/darwin/libclang_rt.osx.a]
  Library search paths: [;/Users/pietro/Documents/Projects/GBEmu/build/CMakeFiles/CMakeTmp/Debug;/Applications/Xcode.app/Contents/Developer/Platforms/MacOSX.platform/Developer/SDKs/MacOSX10.10.sdk/usr/lib]
  Framework search paths: [;/Users/pietro/Documents/Projects/GBEmu/build/CMakeFiles/CMakeTmp/Debug;/Applications/Xcode.app/Contents/Developer/Platforms/MacOSX.platform/Developer/SDKs/MacOSX10.10.sdk/System/Library/Frameworks/]
  remove lib [System]
  collapse lib [/Applications/Xcode.app/Contents/Developer/Toolchains/XcodeDefault.xctoolchain/usr/bin/../lib/clang/6.1.0/lib/darwin/libclang_rt.osx.a] ==> [/Applications/Xcode.app/Contents/Developer/Toolchains/XcodeDefault.xctoolchain/usr/lib/clang/6.1.0/lib/darwin/libclang_rt.osx.a]
  collapse library dir [/Users/pietro/Documents/Projects/GBEmu/build/CMakeFiles/CMakeTmp/Debug] ==> [/Users/pietro/Documents/Projects/GBEmu/build/CMakeFiles/CMakeTmp/Debug], skipping non-system directory
  collapse library dir [/Applications/Xcode.app/Contents/Developer/Platforms/MacOSX.platform/Developer/SDKs/MacOSX10.10.sdk/usr/lib] ==> [/Applications/Xcode.app/Contents/Developer/Platforms/MacOSX.platform/Developer/SDKs/MacOSX10.10.sdk/usr/lib]
  collapse framework dir [/Users/pietro/Documents/Projects/GBEmu/build/CMakeFiles/CMakeTmp/Debug] ==> [/Users/pietro/Documents/Projects/GBEmu/build/CMakeFiles/CMakeTmp/Debug], skipping non-system directory
  collapse framework dir [/Applications/Xcode.app/Contents/Developer/Platforms/MacOSX.platform/Developer/SDKs/MacOSX10.10.sdk/System/Library/Frameworks/] ==> [/Applications/Xcode.app/Contents/Developer/Platforms/MacOSX.platform/Developer/SDKs/MacOSX10.10.sdk/System/Library/Frameworks]
  implicit libs: [c++;/Applications/Xcode.app/Contents/Developer/Toolchains/XcodeDefault.xctoolchain/usr/lib/clang/6.1.0/lib/darwin/libclang_rt.osx.a]
  implicit dirs: [/Applications/Xcode.app/Contents/Developer/Platforms/MacOSX.platform/Developer/SDKs/MacOSX10.10.sdk/usr/lib]
  implicit fwks: [/Applications/Xcode.app/Contents/Developer/Platforms/MacOSX.platform/Developer/SDKs/MacOSX10.10.sdk/System/Library/Frameworks]




Detecting CXX [-std=c++1y] compiler features compiled with the following output:
Change Dir: /Users/pietro/Documents/Projects/GBEmu/build/CMakeFiles/CMakeTmp

Run Build Command:"/usr/bin/xcodebuild" "-project" "CMAKE_TRY_COMPILE.xcodeproj" "build" "-target" "cmTryCompileExec1024809108" "-configuration" "Debug"
=== BUILD TARGET cmTryCompileExec1024809108 OF PROJECT CMAKE_TRY_COMPILE WITH CONFIGURATION Debug ===

Check dependencies

Write auxiliary files
/bin/mkdir -p /Users/pietro/Documents/Projects/GBEmu/build/CMakeFiles/CMakeTmp/CMAKE_TRY_COMPILE.build/Debug/cmTryCompileExec1024809108.build/Objects-normal/x86_64
write-file /Users/pietro/Documents/Projects/GBEmu/build/CMakeFiles/CMakeTmp/CMAKE_TRY_COMPILE.build/Debug/cmTryCompileExec1024809108.build/Objects-normal/x86_64/cmTryCompileExec1024809108.LinkFileList

CompileC CMAKE_TRY_COMPILE.build/Debug/cmTryCompileExec1024809108.build/Objects-normal/x86_64/feature_tests.o /Users/pietro/Documents/Projects/GBEmu/build/CMakeFiles/feature_tests.cxx normal x86_64 c++ com.apple.compilers.llvm.clang.1_0.compiler
    cd /Users/pietro/Documents/Projects/GBEmu/build/CMakeFiles/CMakeTmp
    export LANG=en_US.US-ASCII
    /Applications/Xcode.app/Contents/Developer/Toolchains/XcodeDefault.xctoolchain/usr/bin/clang -x c++ -arch x86_64 -fmessage-length=0 -fdiagnostics-show-note-include-stack -fmacro-backtrace-limit=0 -Wno-trigraphs -fpascal-strings -O0 -Wno-missing-field-initializers -Wno-missing-prototypes -Wno-return-type -Wno-non-virtual-dtor -Wno-overloaded-virtual -Wno-exit-time-destructors -Wno-missing-braces -Wparentheses -Wswitch -Wno-unused-function -Wno-unused-label -Wno-unused-parameter -Wno-unused-variable -Wunused-value -Wno-empty-body -Wno-uninitialized -Wno-unknown-pragmas -Wno-shadow -Wno-four-char-constants -Wno-conversion -Wno-constant-conversion -Wno-int-conversion -Wno-bool-conversion -Wno-enum-conversion -Wno-shorten-64-to-32 -Wno-newline-eof -Wno-c++11-extensions -DCMAKE_INTDIR=\"Debug\" -isysroot /Applications/Xcode.app/Contents/Developer/Platforms/MacOSX.platform/Developer/SDKs/MacOSX10.10.sdk -fasm-blocks -fstrict-aliasing -Wdeprecated-declarations -Winvalid-offsetof -mmacosx-version-min=10.10 -Wno-sign-conversion -I/Users/pietro/Documents/Projects/GBEmu/build/CMakeFiles/CMakeTmp/Debug/include -I/Applications/Xcode.app/Contents/Developer/Toolchains/XcodeDefault.xctoolchain/usr/include -I/Users/pietro/Documents/Projects/GBEmu/build/CMakeFiles/CMakeTmp/CMAKE_TRY_COMPILE.build/Debug/cmTryCompileExec1024809108.build/DerivedSources/x86_64 -I/Users/pietro/Documents/Projects/GBEmu/build/CMakeFiles/CMakeTmp/CMAKE_TRY_COMPILE.build/Debug/cmTryCompileExec1024809108.build/DerivedSources -Wmost -Wno-four-char-constants -Wno-unknown-pragmas -F/Users/pietro/Documents/Projects/GBEmu/build/CMakeFiles/CMakeTmp/Debug -g -std=c++1y -MMD -MT dependencies -MF /Users/pietro/Documents/Projects/GBEmu/build/CMakeFiles/CMakeTmp/CMAKE_TRY_COMPILE.build/Debug/cmTryCompileExec1024809108.build/Objects-normal/x86_64/feature_tests.d --serialize-diagnostics /Users/pietro/Documents/Projects/GBEmu/build/CMakeFiles/CMakeTmp/CMAKE_TRY_COMPILE.build/Debug/cmTryCompileExec1024809108.build/Objects-normal/x86_64/feature_tests.dia -c /Users/pietro/Documents/Projects/GBEmu/build/CMakeFiles/feature_tests.cxx -o /Users/pietro/Documents/Projects/GBEmu/build/CMakeFiles/CMakeTmp/CMAKE_TRY_COMPILE.build/Debug/cmTryCompileExec1024809108.build/Objects-normal/x86_64/feature_tests.o

Ld Debug/cmTryCompileExec1024809108 normal x86_64
    cd /Users/pietro/Documents/Projects/GBEmu/build/CMakeFiles/CMakeTmp
    export MACOSX_DEPLOYMENT_TARGET=10.10
    /Applications/Xcode.app/Contents/Developer/Toolchains/XcodeDefault.xctoolchain/usr/bin/clang++ -arch x86_64 -isysroot /Applications/Xcode.app/Contents/Developer/Platforms/MacOSX.platform/Developer/SDKs/MacOSX10.10.sdk -L/Users/pietro/Documents/Projects/GBEmu/build/CMakeFiles/CMakeTmp/Debug -F/Users/pietro/Documents/Projects/GBEmu/build/CMakeFiles/CMakeTmp/Debug -filelist /Users/pietro/Documents/Projects/GBEmu/build/CMakeFiles/CMakeTmp/CMAKE_TRY_COMPILE.build/Debug/cmTryCompileExec1024809108.build/Objects-normal/x86_64/cmTryCompileExec1024809108.LinkFileList -mmacosx-version-min=10.10 -Wl,-search_paths_first -Wl,-headerpad_max_install_names -Xlinker -dependency_info -Xlinker /Users/pietro/Documents/Projects/GBEmu/build/CMakeFiles/CMakeTmp/CMAKE_TRY_COMPILE.build/Debug/cmTryCompileExec1024809108.build/Objects-normal/x86_64/cmTryCompileExec1024809108_dependency_info.dat -o /Users/pietro/Documents/Projects/GBEmu/build/CMakeFiles/CMakeTmp/Debug/cmTryCompileExec1024809108

** BUILD SUCCEEDED **



    Feature record: CXX_FEATURE:1cxx_aggregate_default_initializers
    Feature record: CXX_FEATURE:1cxx_alias_templates
    Feature record: CXX_FEATURE:1cxx_alignas
    Feature record: CXX_FEATURE:1cxx_alignof
    Feature record: CXX_FEATURE:1cxx_attributes
    Feature record: CXX_FEATURE:1cxx_attribute_deprecated
    Feature record: CXX_FEATURE:1cxx_auto_type
    Feature record: CXX_FEATURE:1cxx_binary_literals
    Feature record: CXX_FEATURE:1cxx_constexpr
    Feature record: CXX_FEATURE:1cxx_contextual_conversions
    Feature record: CXX_FEATURE:1cxx_decltype
    Feature record: CXX_FEATURE:1cxx_decltype_auto
    Feature record: CXX_FEATURE:1cxx_decltype_incomplete_return_types
    Feature record: CXX_FEATURE:1cxx_default_function_template_args
    Feature record: CXX_FEATURE:1cxx_defaulted_functions
    Feature record: CXX_FEATURE:1cxx_defaulted_move_initializers
    Feature record: CXX_FEATURE:1cxx_delegating_constructors
    Feature record: CXX_FEATURE:1cxx_deleted_functions
    Feature record: CXX_FEATURE:1cxx_digit_separators
    Feature record: CXX_FEATURE:1cxx_enum_forward_declarations
    Feature record: CXX_FEATURE:1cxx_explicit_conversions
    Feature record: CXX_FEATURE:1cxx_extended_friend_declarations
    Feature record: CXX_FEATURE:1cxx_extern_templates
    Feature record: CXX_FEATURE:1cxx_final
    Feature record: CXX_FEATURE:1cxx_func_identifier
    Feature record: CXX_FEATURE:1cxx_generalized_initializers
    Feature record: CXX_FEATURE:1cxx_generic_lambdas
    Feature record: CXX_FEATURE:1cxx_inheriting_constructors
    Feature record: CXX_FEATURE:1cxx_inline_namespaces
    Feature record: CXX_FEATURE:1cxx_lambdas
    Feature record: CXX_FEATURE:1cxx_lambda_init_captures
    Feature record: CXX_FEATURE:1cxx_local_type_template_args
    Feature record: CXX_FEATURE:1cxx_long_long_type
    Feature record: CXX_FEATURE:1cxx_noexcept
    Feature record: CXX_FEATURE:1cxx_nonstatic_member_init
    Feature record: CXX_FEATURE:1cxx_nullptr
    Feature record: CXX_FEATURE:1cxx_override
    Feature record: CXX_FEATURE:1cxx_range_for
    Feature record: CXX_FEATURE:1cxx_raw_string_literals
    Feature record: CXX_FEATURE:1cxx_reference_qualified_functions
    Feature record: CXX_FEATURE:1cxx_relaxed_constexpr
    Feature record: CXX_FEATURE:1cxx_return_type_deduction
    Feature record: CXX_FEATURE:1cxx_right_angle_brackets
    Feature record: CXX_FEATURE:1cxx_rvalue_references
    Feature record: CXX_FEATURE:1cxx_sizeof_member
    Feature record: CXX_FEATURE:1cxx_static_assert
    Feature record: CXX_FEATURE:1cxx_strong_enums
    Feature record: CXX_FEATURE:1cxx_template_template_parameters
    Feature record: CXX_FEATURE:0cxx_thread_local
    Feature record: CXX_FEATURE:1cxx_trailing_return_types
    Feature record: CXX_FEATURE:1cxx_unicode_literals
    Feature record: CXX_FEATURE:1cxx_uniform_initialization
    Feature record: CXX_FEATURE:1cxx_unrestricted_unions
    Feature record: CXX_FEATURE:1cxx_user_literals
    Feature record: CXX_FEATURE:1cxx_variable_templates
    Feature record: CXX_FEATURE:1cxx_variadic_macros
    Feature record: CXX_FEATURE:1cxx_variadic_templates


Detecting CXX [-std=c++11] compiler features compiled with the following output:
Change Dir: /Users/pietro/Documents/Projects/GBEmu/build/CMakeFiles/CMakeTmp

Run Build Command:"/usr/bin/xcodebuild" "-project" "CMAKE_TRY_COMPILE.xcodeproj" "build" "-target" "cmTryCompileExec2641994006" "-configuration" "Debug"
=== BUILD TARGET cmTryCompileExec2641994006 OF PROJECT CMAKE_TRY_COMPILE WITH CONFIGURATION Debug ===

Check dependencies

Write auxiliary files
/bin/mkdir -p /Users/pietro/Documents/Projects/GBEmu/build/CMakeFiles/CMakeTmp/CMAKE_TRY_COMPILE.build/Debug/cmTryCompileExec2641994006.build/Objects-normal/x86_64
write-file /Users/pietro/Documents/Projects/GBEmu/build/CMakeFiles/CMakeTmp/CMAKE_TRY_COMPILE.build/Debug/cmTryCompileExec2641994006.build/Objects-normal/x86_64/cmTryCompileExec2641994006.LinkFileList

CompileC CMAKE_TRY_COMPILE.build/Debug/cmTryCompileExec2641994006.build/Objects-normal/x86_64/feature_tests.o /Users/pietro/Documents/Projects/GBEmu/build/CMakeFiles/feature_tests.cxx normal x86_64 c++ com.apple.compilers.llvm.clang.1_0.compiler
    cd /Users/pietro/Documents/Projects/GBEmu/build/CMakeFiles/CMakeTmp
    export LANG=en_US.US-ASCII
    /Applications/Xcode.app/Contents/Developer/Toolchains/XcodeDefault.xctoolchain/usr/bin/clang -x c++ -arch x86_64 -fmessage-length=0 -fdiagnostics-show-note-include-stack -fmacro-backtrace-limit=0 -Wno-trigraphs -fpascal-strings -O0 -Wno-missing-field-initializers -Wno-missing-prototypes -Wno-return-type -Wno-non-virtual-dtor -Wno-overloaded-virtual -Wno-exit-time-destructors -Wno-missing-braces -Wparentheses -Wswitch -Wno-unused-function -Wno-unused-label -Wno-unused-parameter -Wno-unused-variable -Wunused-value -Wno-empty-body -Wno-uninitialized -Wno-unknown-pragmas -Wno-shadow -Wno-four-char-constants -Wno-conversion -Wno-constant-conversion -Wno-int-conversion -Wno-bool-conversion -Wno-enum-conversion -Wno-shorten-64-to-32 -Wno-newline-eof -Wno-c++11-extensions -DCMAKE_INTDIR=\"Debug\" -isysroot /Applications/Xcode.app/Contents/Developer/Platforms/MacOSX.platform/Developer/SDKs/MacOSX10.10.sdk -fasm-blocks -fstrict-aliasing -Wdeprecated-declarations -Winvalid-offsetof -mmacosx-version-min=10.10 -Wno-sign-conversion -I/Users/pietro/Documents/Projects/GBEmu/build/CMakeFiles/CMakeTmp/Debug/include -I/Applications/Xcode.app/Contents/Developer/Toolchains/XcodeDefault.xctoolchain/usr/include -I/Users/pietro/Documents/Projects/GBEmu/build/CMakeFiles/CMakeTmp/CMAKE_TRY_COMPILE.build/Debug/cmTryCompileExec2641994006.build/DerivedSources/x86_64 -I/Users/pietro/Documents/Projects/GBEmu/build/CMakeFiles/CMakeTmp/CMAKE_TRY_COMPILE.build/Debug/cmTryCompileExec2641994006.build/DerivedSources -Wmost -Wno-four-char-constants -Wno-unknown-pragmas -F/Users/pietro/Documents/Projects/GBEmu/build/CMakeFiles/CMakeTmp/Debug -g -std=c++11 -MMD -MT dependencies -MF /Users/pietro/Documents/Projects/GBEmu/build/CMakeFiles/CMakeTmp/CMAKE_TRY_COMPILE.build/Debug/cmTryCompileExec2641994006.build/Objects-normal/x86_64/feature_tests.d --serialize-diagnostics /Users/pietro/Documents/Projects/GBEmu/build/CMakeFiles/CMakeTmp/CMAKE_TRY_COMPILE.build/Debug/cmTryCompileExec2641994006.build/Objects-normal/x86_64/feature_tests.dia -c /Users/pietro/Documents/Projects/GBEmu/build/CMakeFiles/feature_tests.cxx -o /Users/pietro/Documents/Projects/GBEmu/build/CMakeFiles/CMakeTmp/CMAKE_TRY_COMPILE.build/Debug/cmTryCompileExec2641994006.build/Objects-normal/x86_64/feature_tests.o

Ld Debug/cmTryCompileExec2641994006 normal x86_64
    cd /Users/pietro/Documents/Projects/GBEmu/build/CMakeFiles/CMakeTmp
    export MACOSX_DEPLOYMENT_TARGET=10.10
    /Applications/Xcode.app/Contents/Developer/Toolchains/XcodeDefault.xctoolchain/usr/bin/clang++ -arch x86_64 -isysroot /Applications/Xcode.app/Contents/Developer/Platforms/MacOSX.platform/Developer/SDKs/MacOSX10.10.sdk -L/Users/pietro/Documents/Projects/GBEmu/build/CMakeFiles/CMakeTmp/Debug -F/Users/pietro/Documents/Projects/GBEmu/build/CMakeFiles/CMakeTmp/Debug -filelist /Users/pietro/Documents/Projects/GBEmu/build/CMakeFiles/CMakeTmp/CMAKE_TRY_COMPILE.build/Debug/cmTryCompileExec2641994006.build/Objects-normal/x86_64/cmTryCompileExec2641994006.LinkFileList -mmacosx-version-min=10.10 -Wl,-search_paths_first -Wl,-headerpad_max_install_names -Xlinker -dependency_info -Xlinker /Users/pietro/Documents/Projects/GBEmu/build/CMakeFiles/CMakeTmp/CMAKE_TRY_COMPILE.build/Debug/cmTryCompileExec2641994006.build/Objects-normal/x86_64/cmTryCompileExec2641994006_dependency_info.dat -o /Users/pietro/Documents/Projects/GBEmu/build/CMakeFiles/CMakeTmp/Debug/cmTryCompileExec2641994006

** BUILD SUCCEEDED **



    Feature record: CXX_FEATURE:0cxx_aggregate_default_initializers
    Feature record: CXX_FEATURE:1cxx_alias_templates
    Feature record: CXX_FEATURE:1cxx_alignas
    Feature record: CXX_FEATURE:1cxx_alignof
    Feature record: CXX_FEATURE:1cxx_attributes
    Feature record: CXX_FEATURE:0cxx_attribute_deprecated
    Feature record: CXX_FEATURE:1cxx_auto_type
    Feature record: CXX_FEATURE:0cxx_binary_literals
    Feature record: CXX_FEATURE:1cxx_constexpr
    Feature record: CXX_FEATURE:0cxx_contextual_conversions
    Feature record: CXX_FEATURE:1cxx_decltype
    Feature record: CXX_FEATURE:0cxx_decltype_auto
    Feature record: CXX_FEATURE:1cxx_decltype_incomplete_return_types
    Feature record: CXX_FEATURE:1cxx_default_function_template_args
    Feature record: CXX_FEATURE:1cxx_defaulted_functions
    Feature record: CXX_FEATURE:1cxx_defaulted_move_initializers
    Feature record: CXX_FEATURE:1cxx_delegating_constructors
    Feature record: CXX_FEATURE:1cxx_deleted_functions
    Feature record: CXX_FEATURE:0cxx_digit_separators
    Feature record: CXX_FEATURE:1cxx_enum_forward_declarations
    Feature record: CXX_FEATURE:1cxx_explicit_conversions
    Feature record: CXX_FEATURE:1cxx_extended_friend_declarations
    Feature record: CXX_FEATURE:1cxx_extern_templates
    Feature record: CXX_FEATURE:1cxx_final
    Feature record: CXX_FEATURE:1cxx_func_identifier
    Feature record: CXX_FEATURE:1cxx_generalized_initializers
    Feature record: CXX_FEATURE:0cxx_generic_lambdas
    Feature record: CXX_FEATURE:1cxx_inheriting_constructors
    Feature record: CXX_FEATURE:1cxx_inline_namespaces
    Feature record: CXX_FEATURE:1cxx_lambdas
    Feature record: CXX_FEATURE:0cxx_lambda_init_captures
    Feature record: CXX_FEATURE:1cxx_local_type_template_args
    Feature record: CXX_FEATURE:1cxx_long_long_type
    Feature record: CXX_FEATURE:1cxx_noexcept
    Feature record: CXX_FEATURE:1cxx_nonstatic_member_init
    Feature record: CXX_FEATURE:1cxx_nullptr
    Feature record: CXX_FEATURE:1cxx_override
    Feature record: CXX_FEATURE:1cxx_range_for
    Feature record: CXX_FEATURE:1cxx_raw_string_literals
    Feature record: CXX_FEATURE:1cxx_reference_qualified_functions
    Feature record: CXX_FEATURE:0cxx_relaxed_constexpr
    Feature record: CXX_FEATURE:0cxx_return_type_deduction
    Feature record: CXX_FEATURE:1cxx_right_angle_brackets
    Feature record: CXX_FEATURE:1cxx_rvalue_references
    Feature record: CXX_FEATURE:1cxx_sizeof_member
    Feature record: CXX_FEATURE:1cxx_static_assert
    Feature record: CXX_FEATURE:1cxx_strong_enums
    Feature record: CXX_FEATURE:1cxx_template_template_parameters
    Feature record: CXX_FEATURE:0cxx_thread_local
    Feature record: CXX_FEATURE:1cxx_trailing_return_types
    Feature record: CXX_FEATURE:1cxx_unicode_literals
    Feature record: CXX_FEATURE:1cxx_uniform_initialization
    Feature record: CXX_FEATURE:1cxx_unrestricted_unions
    Feature record: CXX_FEATURE:1cxx_user_literals
    Feature record: CXX_FEATURE:0cxx_variable_templates
    Feature record: CXX_FEATURE:1cxx_variadic_macros
    Feature record: CXX_FEATURE:1cxx_variadic_templates


Detecting CXX [-std=c++98] compiler features compiled with the following output:
Change Dir: /Users/pietro/Documents/Projects/GBEmu/build/CMakeFiles/CMakeTmp

Run Build Command:"/usr/bin/xcodebuild" "-project" "CMAKE_TRY_COMPILE.xcodeproj" "build" "-target" "cmTryCompileExec588788895" "-configuration" "Debug"
=== BUILD TARGET cmTryCompileExec588788895 OF PROJECT CMAKE_TRY_COMPILE WITH CONFIGURATION Debug ===

Check dependencies

Write auxiliary files
/bin/mkdir -p /Users/pietro/Documents/Projects/GBEmu/build/CMakeFiles/CMakeTmp/CMAKE_TRY_COMPILE.build/Debug/cmTryCompileExec588788895.build/Objects-normal/x86_64
write-file /Users/pietro/Documents/Projects/GBEmu/build/CMakeFiles/CMakeTmp/CMAKE_TRY_COMPILE.build/Debug/cmTryCompileExec588788895.build/Objects-normal/x86_64/cmTryCompileExec588788895.LinkFileList

CompileC CMAKE_TRY_COMPILE.build/Debug/cmTryCompileExec588788895.build/Objects-normal/x86_64/feature_tests.o /Users/pietro/Documents/Projects/GBEmu/build/CMakeFiles/feature_tests.cxx normal x86_64 c++ com.apple.compilers.llvm.clang.1_0.compiler
    cd /Users/pietro/Documents/Projects/GBEmu/build/CMakeFiles/CMakeTmp
    export LANG=en_US.US-ASCII
    /Applications/Xcode.app/Contents/Developer/Toolchains/XcodeDefault.xctoolchain/usr/bin/clang -x c++ -arch x86_64 -fmessage-length=0 -fdiagnostics-show-note-include-stack -fmacro-backtrace-limit=0 -Wno-trigraphs -fpascal-strings -O0 -Wno-missing-field-initializers -Wno-missing-prototypes -Wno-return-type -Wno-non-virtual-dtor -Wno-overloaded-virtual -Wno-exit-time-destructors -Wno-missing-braces -Wparentheses -Wswitch -Wno-unused-function -Wno-unused-label -Wno-unused-parameter -Wno-unused-variable -Wunused-value -Wno-empty-body -Wno-uninitialized -Wno-unknown-pragmas -Wno-shadow -Wno-four-char-constants -Wno-conversion -Wno-constant-conversion -Wno-int-conversion -Wno-bool-conversion -Wno-enum-conversion -Wno-shorten-64-to-32 -Wno-newline-eof -Wno-c++11-extensions -DCMAKE_INTDIR=\"Debug\" -isysroot /Applications/Xcode.app/Contents/Developer/Platforms/MacOSX.platform/Developer/SDKs/MacOSX10.10.sdk -fasm-blocks -fstrict-aliasing -Wdeprecated-declarations -Winvalid-offsetof -mmacosx-version-min=10.10 -Wno-sign-conversion -I/Users/pietro/Documents/Projects/GBEmu/build/CMakeFiles/CMakeTmp/Debug/include -I/Applications/Xcode.app/Contents/Developer/Toolchains/XcodeDefault.xctoolchain/usr/include -I/Users/pietro/Documents/Projects/GBEmu/build/CMakeFiles/CMakeTmp/CMAKE_TRY_COMPILE.build/Debug/cmTryCompileExec588788895.build/DerivedSources/x86_64 -I/Users/pietro/Documents/Projects/GBEmu/build/CMakeFiles/CMakeTmp/CMAKE_TRY_COMPILE.build/Debug/cmTryCompileExec588788895.build/DerivedSources -Wmost -Wno-four-char-constants -Wno-unknown-pragmas -F/Users/pietro/Documents/Projects/GBEmu/build/CMakeFiles/CMakeTmp/Debug -g -std=c++98 -MMD -MT dependencies -MF /Users/pietro/Documents/Projects/GBEmu/build/CMakeFiles/CMakeTmp/CMAKE_TRY_COMPILE.build/Debug/cmTryCompileExec588788895.build/Objects-normal/x86_64/feature_tests.d --serialize-diagnostics /Users/pietro/Documents/Projects/GBEmu/build/CMakeFiles/CMakeTmp/CMAKE_TRY_COMPILE.build/Debug/cmTryCompileExec588788895.build/Objects-normal/x86_64/feature_tests.dia -c /Users/pietro/Documents/Projects/GBEmu/build/CMakeFiles/feature_tests.cxx -o /Users/pietro/Documents/Projects/GBEmu/build/CMakeFiles/CMakeTmp/CMAKE_TRY_COMPILE.build/Debug/cmTryCompileExec588788895.build/Objects-normal/x86_64/feature_tests.o

Ld Debug/cmTryCompileExec588788895 normal x86_64
    cd /Users/pietro/Documents/Projects/GBEmu/build/CMakeFiles/CMakeTmp
    export MACOSX_DEPLOYMENT_TARGET=10.10
    /Applications/Xcode.app/Contents/Developer/Toolchains/XcodeDefault.xctoolchain/usr/bin/clang++ -arch x86_64 -isysroot /Applications/Xcode.app/Contents/Developer/Platforms/MacOSX.platform/Developer/SDKs/MacOSX10.10.sdk -L/Users/pietro/Documents/Projects/GBEmu/build/CMakeFiles/CMakeTmp/Debug -F/Users/pietro/Documents/Projects/GBEmu/build/CMakeFiles/CMakeTmp/Debug -filelist /Users/pietro/Documents/Projects/GBEmu/build/CMakeFiles/CMakeTmp/CMAKE_TRY_COMPILE.build/Debug/cmTryCompileExec588788895.build/Objects-normal/x86_64/cmTryCompileExec588788895.LinkFileList -mmacosx-version-min=10.10 -Wl,-search_paths_first -Wl,-headerpad_max_install_names -Xlinker -dependency_info -Xlinker /Users/pietro/Documents/Projects/GBEmu/build/CMakeFiles/CMakeTmp/CMAKE_TRY_COMPILE.build/Debug/cmTryCompileExec588788895.build/Objects-normal/x86_64/cmTryCompileExec588788895_dependency_info.dat -o /Users/pietro/Documents/Projects/GBEmu/build/CMakeFiles/CMakeTmp/Debug/cmTryCompileExec588788895

** BUILD SUCCEEDED **



    Feature record: CXX_FEATURE:0cxx_aggregate_default_initializers
    Feature record: CXX_FEATURE:0cxx_alias_templates
    Feature record: CXX_FEATURE:0cxx_alignas
    Feature record: CXX_FEATURE:0cxx_alignof
    Feature record: CXX_FEATURE:0cxx_attributes
    Feature record: CXX_FEATURE:0cxx_attribute_deprecated
    Feature record: CXX_FEATURE:0cxx_auto_type
    Feature record: CXX_FEATURE:0cxx_binary_literals
    Feature record: CXX_FEATURE:0cxx_constexpr
    Feature record: CXX_FEATURE:0cxx_contextual_conversions
    Feature record: CXX_FEATURE:0cxx_decltype
    Feature record: CXX_FEATURE:0cxx_decltype_auto
    Feature record: CXX_FEATURE:0cxx_decltype_incomplete_return_types
    Feature record: CXX_FEATURE:0cxx_default_function_template_args
    Feature record: CXX_FEATURE:0cxx_defaulted_functions
    Feature record: CXX_FEATURE:0cxx_defaulted_move_initializers
    Feature record: CXX_FEATURE:0cxx_delegating_constructors
    Feature record: CXX_FEATURE:0cxx_deleted_functions
    Feature record: CXX_FEATURE:0cxx_digit_separators
    Feature record: CXX_FEATURE:0cxx_enum_forward_declarations
    Feature record: CXX_FEATURE:0cxx_explicit_conversions
    Feature record: CXX_FEATURE:0cxx_extended_friend_declarations
    Feature record: CXX_FEATURE:0cxx_extern_templates
    Feature record: CXX_FEATURE:0cxx_final
    Feature record: CXX_FEATURE:0cxx_func_identifier
    Feature record: CXX_FEATURE:0cxx_generalized_initializers
    Feature record: CXX_FEATURE:0cxx_generic_lambdas
    Feature record: CXX_FEATURE:0cxx_inheriting_constructors
    Feature record: CXX_FEATURE:0cxx_inline_namespaces
    Feature record: CXX_FEATURE:0cxx_lambdas
    Feature record: CXX_FEATURE:0cxx_lambda_init_captures
    Feature record: CXX_FEATURE:0cxx_local_type_template_args
    Feature record: CXX_FEATURE:0cxx_long_long_type
    Feature record: CXX_FEATURE:0cxx_noexcept
    Feature record: CXX_FEATURE:0cxx_nonstatic_member_init
    Feature record: CXX_FEATURE:0cxx_nullptr
    Feature record: CXX_FEATURE:0cxx_override
    Feature record: CXX_FEATURE:0cxx_range_for
    Feature record: CXX_FEATURE:0cxx_raw_string_literals
    Feature record: CXX_FEATURE:0cxx_reference_qualified_functions
    Feature record: CXX_FEATURE:0cxx_relaxed_constexpr
    Feature record: CXX_FEATURE:0cxx_return_type_deduction
    Feature record: CXX_FEATURE:0cxx_right_angle_brackets
    Feature record: CXX_FEATURE:0cxx_rvalue_references
    Feature record: CXX_FEATURE:0cxx_sizeof_member
    Feature record: CXX_FEATURE:0cxx_static_assert
    Feature record: CXX_FEATURE:0cxx_strong_enums
    Feature record: CXX_FEATURE:1cxx_template_template_parameters
    Feature record: CXX_FEATURE:0cxx_thread_local
    Feature record: CXX_FEATURE:0cxx_trailing_return_types
    Feature record: CXX_FEATURE:0cxx_unicode_literals
    Feature record: CXX_FEATURE:0cxx_uniform_initialization
    Feature record: CXX_FEATURE:0cxx_unrestricted_unions
    Feature record: CXX_FEATURE:0cxx_user_literals
    Feature record: CXX_FEATURE:0cxx_variable_templates
    Feature record: CXX_FEATURE:0cxx_variadic_macros
    Feature record: CXX_FEATURE:0cxx_variadic_templates
